

Microchip MPLAB XC8 Assembler V2.31 build 20201012212115 
                                                                                               Thu Aug 05 09:37:18 2021

Microchip MPLAB XC8 C Compiler v2.31 (Free license) build 20201012212115 Og1 
     1                           	processor	16F887
     2                           	pagewidth 120
     3                           	opt	flic
     4                           	psect	cinit,global,class=CODE,merge=1,delta=2
     5                           	psect	bssCOMMON,global,class=COMMON,space=1,delta=1,noexec
     6                           	psect	bssBANK0,global,class=BANK0,space=1,delta=1,noexec
     7                           	psect	cstackCOMMON,global,class=COMMON,space=1,delta=1,noexec
     8                           	psect	cstackBANK0,global,class=BANK0,space=1,delta=1,noexec
     9                           	psect	maintext,global,class=CODE,split=1,delta=2
    10                           	psect	text1,local,class=CODE,merge=1,delta=2
    11                           	psect	text2,local,class=CODE,merge=1,delta=2
    12                           	psect	text3,local,class=CODE,merge=1,delta=2
    13                           	psect	text4,local,class=CODE,merge=1,delta=2
    14                           	psect	intentry,global,class=CODE,delta=2
    15                           	psect	text5,local,class=CODE,merge=1,delta=2
    16                           	psect	text6,local,class=CODE,merge=1,delta=2
    17                           	psect	text7,local,class=CODE,merge=1,delta=2
    18                           	psect	config,global,abs,ovrld,class=CONFIG,space=4,delta=2,noexec
    19                           	dabs	1,0x7E,2
    20  0000                     
    21                           ; Version 2.20
    22                           ; Generated 12/02/2020 GMT
    23                           ; 
    24                           ; Copyright © 2020, Microchip Technology Inc. and its subsidiaries ("Microchip")
    25                           ; All rights reserved.
    26                           ; 
    27                           ; This software is developed by Microchip Technology Inc. and its subsidiaries ("Microch
      +                          ip").
    28                           ; 
    29                           ; Redistribution and use in source and binary forms, with or without modification, are
    30                           ; permitted provided that the following conditions are met:
    31                           ; 
    32                           ;     1. Redistributions of source code must retain the above copyright notice, this lis
      +                          t of
    33                           ;        conditions and the following disclaimer.
    34                           ; 
    35                           ;     2. Redistributions in binary form must reproduce the above copyright notice, this 
      +                          list
    36                           ;        of conditions and the following disclaimer in the documentation and/or other
    37                           ;        materials provided with the distribution.
    38                           ; 
    39                           ;     3. Microchip's name may not be used to endorse or promote products derived from th
      +                          is
    40                           ;        software without specific prior written permission.
    41                           ; 
    42                           ; THIS SOFTWARE IS PROVIDED BY MICROCHIP "AS IS" AND ANY EXPRESS OR IMPLIED WARRANTIES,
    43                           ; INCLUDING, BUT NOT LIMITED TO, THE IMPLIED WARRANTIES OF MERCHANTABILITY AND FITNESS F
      +                          OR
    44                           ; PURPOSE ARE DISCLAIMED.  IN NO EVENT SHALL MICROCHIP BE LIABLE FOR ANY DIRECT, INDIREC
      +                          T,
    45                           ; INCIDENTAL, SPECIAL, EXEMPLARY, OR CONSEQUENTIAL DAMAGES (INCLUDING BUT NOT LIMITED TO
    46                           ; PROCUREMENT OF SUBSTITUTE GOODS OR SERVICES; LOSS OF USE, DATA OR PROFITS; OR BUSINESS
    47                           ; INTERRUPTION) HOWSOEVER CAUSED AND ON ANY THEORY OF LIABILITY, WHETHER IN CONTRACT, ST
      +                          RICT
    48                           ; LIABILITY, OR TORT (INCLUDING NEGLIGENCE OR OTHERWISE) ARISING IN ANY WAY OUT OF THE U
      +                          SE OF
    49                           ; THIS SOFTWARE, EVEN IF ADVISED OF THE POSSIBILITY OF SUCH DAMAGE.
    50                           ; 
    51                           ; 
    52                           ; Code-generator required, PIC16F887 Definitions
    53                           ; 
    54                           ; SFR Addresses
    55  0000                     	;# 
    56  0001                     	;# 
    57  0002                     	;# 
    58  0003                     	;# 
    59  0004                     	;# 
    60  0005                     	;# 
    61  0006                     	;# 
    62  0007                     	;# 
    63  0008                     	;# 
    64  0009                     	;# 
    65  000A                     	;# 
    66  000B                     	;# 
    67  000C                     	;# 
    68  000D                     	;# 
    69  000E                     	;# 
    70  000E                     	;# 
    71  000F                     	;# 
    72  0010                     	;# 
    73  0011                     	;# 
    74  0012                     	;# 
    75  0013                     	;# 
    76  0014                     	;# 
    77  0015                     	;# 
    78  0015                     	;# 
    79  0016                     	;# 
    80  0017                     	;# 
    81  0018                     	;# 
    82  0019                     	;# 
    83  001A                     	;# 
    84  001B                     	;# 
    85  001B                     	;# 
    86  001C                     	;# 
    87  001D                     	;# 
    88  001E                     	;# 
    89  001F                     	;# 
    90  0081                     	;# 
    91  0085                     	;# 
    92  0086                     	;# 
    93  0087                     	;# 
    94  0088                     	;# 
    95  0089                     	;# 
    96  008C                     	;# 
    97  008D                     	;# 
    98  008E                     	;# 
    99  008F                     	;# 
   100  0090                     	;# 
   101  0091                     	;# 
   102  0092                     	;# 
   103  0093                     	;# 
   104  0093                     	;# 
   105  0093                     	;# 
   106  0094                     	;# 
   107  0095                     	;# 
   108  0096                     	;# 
   109  0097                     	;# 
   110  0098                     	;# 
   111  0099                     	;# 
   112  009A                     	;# 
   113  009B                     	;# 
   114  009C                     	;# 
   115  009D                     	;# 
   116  009E                     	;# 
   117  009F                     	;# 
   118  0105                     	;# 
   119  0107                     	;# 
   120  0108                     	;# 
   121  0109                     	;# 
   122  010C                     	;# 
   123  010C                     	;# 
   124  010D                     	;# 
   125  010E                     	;# 
   126  010F                     	;# 
   127  0185                     	;# 
   128  0187                     	;# 
   129  0188                     	;# 
   130  0189                     	;# 
   131  018C                     	;# 
   132  018D                     	;# 
   133  0000                     	;# 
   134  0001                     	;# 
   135  0002                     	;# 
   136  0003                     	;# 
   137  0004                     	;# 
   138  0005                     	;# 
   139  0006                     	;# 
   140  0007                     	;# 
   141  0008                     	;# 
   142  0009                     	;# 
   143  000A                     	;# 
   144  000B                     	;# 
   145  000C                     	;# 
   146  000D                     	;# 
   147  000E                     	;# 
   148  000E                     	;# 
   149  000F                     	;# 
   150  0010                     	;# 
   151  0011                     	;# 
   152  0012                     	;# 
   153  0013                     	;# 
   154  0014                     	;# 
   155  0015                     	;# 
   156  0015                     	;# 
   157  0016                     	;# 
   158  0017                     	;# 
   159  0018                     	;# 
   160  0019                     	;# 
   161  001A                     	;# 
   162  001B                     	;# 
   163  001B                     	;# 
   164  001C                     	;# 
   165  001D                     	;# 
   166  001E                     	;# 
   167  001F                     	;# 
   168  0081                     	;# 
   169  0085                     	;# 
   170  0086                     	;# 
   171  0087                     	;# 
   172  0088                     	;# 
   173  0089                     	;# 
   174  008C                     	;# 
   175  008D                     	;# 
   176  008E                     	;# 
   177  008F                     	;# 
   178  0090                     	;# 
   179  0091                     	;# 
   180  0092                     	;# 
   181  0093                     	;# 
   182  0093                     	;# 
   183  0093                     	;# 
   184  0094                     	;# 
   185  0095                     	;# 
   186  0096                     	;# 
   187  0097                     	;# 
   188  0098                     	;# 
   189  0099                     	;# 
   190  009A                     	;# 
   191  009B                     	;# 
   192  009C                     	;# 
   193  009D                     	;# 
   194  009E                     	;# 
   195  009F                     	;# 
   196  0105                     	;# 
   197  0107                     	;# 
   198  0108                     	;# 
   199  0109                     	;# 
   200  010C                     	;# 
   201  010C                     	;# 
   202  010D                     	;# 
   203  010E                     	;# 
   204  010F                     	;# 
   205  0185                     	;# 
   206  0187                     	;# 
   207  0188                     	;# 
   208  0189                     	;# 
   209  018C                     	;# 
   210  018D                     	;# 
   211  0000                     	;# 
   212  0001                     	;# 
   213  0002                     	;# 
   214  0003                     	;# 
   215  0004                     	;# 
   216  0005                     	;# 
   217  0006                     	;# 
   218  0007                     	;# 
   219  0008                     	;# 
   220  0009                     	;# 
   221  000A                     	;# 
   222  000B                     	;# 
   223  000C                     	;# 
   224  000D                     	;# 
   225  000E                     	;# 
   226  000E                     	;# 
   227  000F                     	;# 
   228  0010                     	;# 
   229  0011                     	;# 
   230  0012                     	;# 
   231  0013                     	;# 
   232  0014                     	;# 
   233  0015                     	;# 
   234  0015                     	;# 
   235  0016                     	;# 
   236  0017                     	;# 
   237  0018                     	;# 
   238  0019                     	;# 
   239  001A                     	;# 
   240  001B                     	;# 
   241  001B                     	;# 
   242  001C                     	;# 
   243  001D                     	;# 
   244  001E                     	;# 
   245  001F                     	;# 
   246  0081                     	;# 
   247  0085                     	;# 
   248  0086                     	;# 
   249  0087                     	;# 
   250  0088                     	;# 
   251  0089                     	;# 
   252  008C                     	;# 
   253  008D                     	;# 
   254  008E                     	;# 
   255  008F                     	;# 
   256  0090                     	;# 
   257  0091                     	;# 
   258  0092                     	;# 
   259  0093                     	;# 
   260  0093                     	;# 
   261  0093                     	;# 
   262  0094                     	;# 
   263  0095                     	;# 
   264  0096                     	;# 
   265  0097                     	;# 
   266  0098                     	;# 
   267  0099                     	;# 
   268  009A                     	;# 
   269  009B                     	;# 
   270  009C                     	;# 
   271  009D                     	;# 
   272  009E                     	;# 
   273  009F                     	;# 
   274  0105                     	;# 
   275  0107                     	;# 
   276  0108                     	;# 
   277  0109                     	;# 
   278  010C                     	;# 
   279  010C                     	;# 
   280  010D                     	;# 
   281  010E                     	;# 
   282  010F                     	;# 
   283  0185                     	;# 
   284  0187                     	;# 
   285  0188                     	;# 
   286  0189                     	;# 
   287  018C                     	;# 
   288  018D                     	;# 
   289  0000                     	;# 
   290  0001                     	;# 
   291  0002                     	;# 
   292  0003                     	;# 
   293  0004                     	;# 
   294  0005                     	;# 
   295  0006                     	;# 
   296  0007                     	;# 
   297  0008                     	;# 
   298  0009                     	;# 
   299  000A                     	;# 
   300  000B                     	;# 
   301  000C                     	;# 
   302  000D                     	;# 
   303  000E                     	;# 
   304  000E                     	;# 
   305  000F                     	;# 
   306  0010                     	;# 
   307  0011                     	;# 
   308  0012                     	;# 
   309  0013                     	;# 
   310  0014                     	;# 
   311  0015                     	;# 
   312  0015                     	;# 
   313  0016                     	;# 
   314  0017                     	;# 
   315  0018                     	;# 
   316  0019                     	;# 
   317  001A                     	;# 
   318  001B                     	;# 
   319  001B                     	;# 
   320  001C                     	;# 
   321  001D                     	;# 
   322  001E                     	;# 
   323  001F                     	;# 
   324  0081                     	;# 
   325  0085                     	;# 
   326  0086                     	;# 
   327  0087                     	;# 
   328  0088                     	;# 
   329  0089                     	;# 
   330  008C                     	;# 
   331  008D                     	;# 
   332  008E                     	;# 
   333  008F                     	;# 
   334  0090                     	;# 
   335  0091                     	;# 
   336  0092                     	;# 
   337  0093                     	;# 
   338  0093                     	;# 
   339  0093                     	;# 
   340  0094                     	;# 
   341  0095                     	;# 
   342  0096                     	;# 
   343  0097                     	;# 
   344  0098                     	;# 
   345  0099                     	;# 
   346  009A                     	;# 
   347  009B                     	;# 
   348  009C                     	;# 
   349  009D                     	;# 
   350  009E                     	;# 
   351  009F                     	;# 
   352  0105                     	;# 
   353  0107                     	;# 
   354  0108                     	;# 
   355  0109                     	;# 
   356  010C                     	;# 
   357  010C                     	;# 
   358  010D                     	;# 
   359  010E                     	;# 
   360  010F                     	;# 
   361  0185                     	;# 
   362  0187                     	;# 
   363  0188                     	;# 
   364  0189                     	;# 
   365  018C                     	;# 
   366  018D                     	;# 
   367  0013                     _SSPBUF	set	19
   368  0014                     _SSPCON	set	20
   369  000B                     _INTCONbits	set	11
   370  0008                     _PORTD	set	8
   371  0006                     _PORTB	set	6
   372  001E                     _ADRESH	set	30
   373  001F                     _ADCON0bits	set	31
   374  000C                     _PIR1bits	set	12
   375  0063                     _SSPIF	set	99
   376  0094                     _SSPSTATbits	set	148
   377  0094                     _SSPSTAT	set	148
   378  009F                     _ADCON1bits	set	159
   379  008F                     _OSCCONbits	set	143
   380  008C                     _PIE1bits	set	140
   381  0088                     _TRISD	set	136
   382  0086                     _TRISB	set	134
   383  0085                     _TRISAbits	set	133
   384  043B                     _TRISC3	set	1083
   385  043D                     _TRISC5	set	1085
   386  0189                     _ANSELH	set	393
   387  0188                     _ANSEL	set	392
   388                           
   389                           	psect	cinit
   390  000F                     start_initialization:	
   391                           ; #config settings
   392                           
   393  000F                     __initialization:
   394                           
   395                           ; Clear objects allocated to COMMON
   396  000F  01F5               	clrf	__pbssCOMMON& (0+127)
   397  0010  01F6               	clrf	(__pbssCOMMON+1)& (0+127)
   398  0011  01F7               	clrf	(__pbssCOMMON+2)& (0+127)
   399  0012  01F8               	clrf	(__pbssCOMMON+3)& (0+127)
   400                           
   401                           ; Clear objects allocated to BANK0
   402  0013  1283               	bcf	3,5	;RP0=0, select bank0
   403  0014  1303               	bcf	3,6	;RP1=0, select bank0
   404  0015  01A0               	clrf	__pbssBANK0& (0+127)
   405  0016  01A1               	clrf	(__pbssBANK0+1)& (0+127)
   406  0017  01A2               	clrf	(__pbssBANK0+2)& (0+127)
   407  0018  01A3               	clrf	(__pbssBANK0+3)& (0+127)
   408  0019  01A4               	clrf	(__pbssBANK0+4)& (0+127)
   409  001A  01A5               	clrf	(__pbssBANK0+5)& (0+127)
   410  001B  01A6               	clrf	(__pbssBANK0+6)& (0+127)
   411  001C  01A7               	clrf	(__pbssBANK0+7)& (0+127)
   412  001D                     end_of_initialization:	
   413                           ;End of C runtime variable initialization code
   414                           
   415  001D                     __end_of__initialization:
   416  001D  0183               	clrf	3
   417  001E  120A  118A  293A   	ljmp	_main	;jump to C main() function
   418                           
   419                           	psect	bssCOMMON
   420  0075                     __pbssCOMMON:
   421  0075                     _ADC2:
   422  0075                     	ds	2
   423  0077                     _ADC:
   424  0077                     	ds	2
   425                           
   426                           	psect	bssBANK0
   427  0020                     __pbssBANK0:
   428  0020                     _contador:
   429  0020                     	ds	2
   430  0022                     _trash03:
   431  0022                     	ds	2
   432  0024                     _trash02:
   433  0024                     	ds	2
   434  0026                     _trash01:
   435  0026                     	ds	2
   436                           
   437                           	psect	cstackCOMMON
   438  0070                     __pcstackCOMMON:
   439  0070                     ?_spiRead:
   440  0070                     ??_spiRead:	
   441                           ; 1 bytes @ 0x0
   442                           
   443  0070                     ?_spiWrite:	
   444                           ; 1 bytes @ 0x0
   445                           
   446  0070                     ??_spiWrite:	
   447                           ; 1 bytes @ 0x0
   448                           
   449  0070                     ?_setup:	
   450                           ; 1 bytes @ 0x0
   451                           
   452  0070                     ?_ADC_config:	
   453                           ; 1 bytes @ 0x0
   454                           
   455  0070                     ?_isr:	
   456                           ; 1 bytes @ 0x0
   457                           
   458  0070                     ?_main:	
   459                           ; 1 bytes @ 0x0
   460                           
   461  0070                     ?_spiReceiveWait:	
   462                           ; 1 bytes @ 0x0
   463                           
   464  0070                     ??_spiReceiveWait:	
   465                           ; 1 bytes @ 0x0
   466                           
   467  0070                     spiWrite@dat:	
   468                           ; 1 bytes @ 0x0
   469                           
   470                           
   471                           ; 1 bytes @ 0x0
   472  0070                     	ds	1
   473  0071                     ??_isr:
   474                           
   475                           ; 1 bytes @ 0x1
   476  0071                     	ds	4
   477  0075                     ??_setup:
   478  0075                     ??_spiInit:	
   479                           ; 1 bytes @ 0x5
   480                           
   481                           
   482                           	psect	cstackBANK0
   483  0028                     __pcstackBANK0:	
   484                           ; 1 bytes @ 0x5
   485                           
   486  0028                     ?_spiInit:
   487  0028                     ??_ADC_config:	
   488                           ; 1 bytes @ 0x0
   489                           
   490  0028                     spiInit@sDataSample:	
   491                           ; 1 bytes @ 0x0
   492                           
   493                           
   494                           ; 1 bytes @ 0x0
   495  0028                     	ds	1
   496  0029                     spiInit@sClockIdle:
   497                           
   498                           ; 1 bytes @ 0x1
   499  0029                     	ds	1
   500  002A                     ADC_config@frec:
   501  002A                     spiInit@sTransmitEdge:	
   502                           ; 1 bytes @ 0x2
   503                           
   504                           
   505                           ; 1 bytes @ 0x2
   506  002A                     	ds	1
   507  002B                     spiInit@sType:
   508                           
   509                           ; 1 bytes @ 0x3
   510  002B                     	ds	1
   511  002C                     ??_main:
   512                           
   513                           ; 1 bytes @ 0x4
   514  002C                     	ds	1
   515                           
   516                           	psect	maintext
   517  013A                     __pmaintext:	
   518 ;;
   519 ;;Main: autosize = 0, tempsize = 1, incstack = 0, save=0
   520 ;;
   521 ;; *************** function _main *****************
   522 ;; Defined at:
   523 ;;		line 231 in file "D2_main3S.c"
   524 ;; Parameters:    Size  Location     Type
   525 ;;		None
   526 ;; Auto vars:     Size  Location     Type
   527 ;;		None
   528 ;; Return value:  Size  Location     Type
   529 ;;                  1    wreg      void 
   530 ;; Registers used:
   531 ;;		wreg, fsr0l, fsr0h, status,2, status,0, pclath, cstack
   532 ;; Tracked objects:
   533 ;;		On entry : B00/0
   534 ;;		On exit  : 0/0
   535 ;;		Unchanged: 0/0
   536 ;; Data sizes:     COMMON   BANK0   BANK1   BANK3   BANK2
   537 ;;      Params:         0       0       0       0       0
   538 ;;      Locals:         0       0       0       0       0
   539 ;;      Temps:          0       1       0       0       0
   540 ;;      Totals:         0       1       0       0       0
   541 ;;Total ram usage:        1 bytes
   542 ;; Hardware stack levels required when called:    5
   543 ;; This function calls:
   544 ;;		_setup
   545 ;; This function is called by:
   546 ;;		Startup code after reset
   547 ;; This function uses a non-reentrant model
   548 ;;
   549                           
   550                           
   551                           ;psect for function _main
   552  013A                     _main:
   553  013A                     l1135:	
   554                           ;incstack = 0
   555                           ; Regs used in _main: [wreg-fsr0h+status,2+status,0+pclath+cstack]
   556                           
   557                           
   558                           ;D2_main3S.c: 233:     setup();
   559  013A  120A  118A  20EE  120A  118A  	fcall	_setup
   560  013F                     l1137:
   561                           
   562                           ;D2_main3S.c: 237:     {;D2_main3S.c: 238:       if (ADCON0bits.GO == 0){
   563  013F  1283               	bcf	3,5	;RP0=0, select bank0
   564  0140  1303               	bcf	3,6	;RP1=0, select bank0
   565  0141  189F               	btfsc	31,1	;volatile
   566  0142  2944               	goto	u161
   567  0143  2945               	goto	u160
   568  0144                     u161:
   569  0144  293F               	goto	l1137
   570  0145                     u160:
   571  0145                     l1139:
   572                           
   573                           ;D2_main3S.c: 239:             _delay((unsigned long)((100)*(4000000/4000000.0)));
   574  0145  3020               	movlw	32
   575  0146  1283               	bcf	3,5	;RP0=0, select bank0
   576  0147  1303               	bcf	3,6	;RP1=0, select bank0
   577  0148  00AC               	movwf	??_main
   578  0149                     u177:
   579  0149  0BAC               	decfsz	??_main,f
   580  014A  2949               	goto	u177
   581  014B  0000               	nop
   582  014C                     l1141:
   583                           
   584                           ;D2_main3S.c: 240:             ADCON0bits.GO = 1;
   585  014C  1283               	bcf	3,5	;RP0=0, select bank0
   586  014D  1303               	bcf	3,6	;RP1=0, select bank0
   587  014E  149F               	bsf	31,1	;volatile
   588  014F  293F               	goto	l1137
   589  0150  120A  118A  280C   	ljmp	start
   590  0153                     __end_of_main:
   591                           
   592                           	psect	text1
   593  00EE                     __ptext1:	
   594 ;; *************** function _setup *****************
   595 ;; Defined at:
   596 ;;		line 249 in file "D2_main3S.c"
   597 ;; Parameters:    Size  Location     Type
   598 ;;		None
   599 ;; Auto vars:     Size  Location     Type
   600 ;;		None
   601 ;; Return value:  Size  Location     Type
   602 ;;                  1    wreg      void 
   603 ;; Registers used:
   604 ;;		wreg, fsr0l, fsr0h, status,2, status,0, pclath, cstack
   605 ;; Tracked objects:
   606 ;;		On entry : 0/0
   607 ;;		On exit  : 0/0
   608 ;;		Unchanged: 0/0
   609 ;; Data sizes:     COMMON   BANK0   BANK1   BANK3   BANK2
   610 ;;      Params:         0       0       0       0       0
   611 ;;      Locals:         0       0       0       0       0
   612 ;;      Temps:          0       0       0       0       0
   613 ;;      Totals:         0       0       0       0       0
   614 ;;Total ram usage:        0 bytes
   615 ;; Hardware stack levels used:    1
   616 ;; Hardware stack levels required when called:    4
   617 ;; This function calls:
   618 ;;		_ADC_config
   619 ;;		_spiInit
   620 ;; This function is called by:
   621 ;;		_main
   622 ;; This function uses a non-reentrant model
   623 ;;
   624                           
   625                           
   626                           ;psect for function _setup
   627  00EE                     _setup:
   628  00EE                     l1097:	
   629                           ;incstack = 0
   630                           ; Regs used in _setup: [wreg-fsr0h+status,2+status,0+pclath+cstack]
   631                           
   632                           
   633                           ;D2_main3S.c: 251:     ANSEL = 0b00000011;
   634  00EE  3003               	movlw	3
   635  00EF  1683               	bsf	3,5	;RP0=1, select bank3
   636  00F0  1703               	bsf	3,6	;RP1=1, select bank3
   637  00F1  0088               	movwf	8	;volatile
   638  00F2                     l1099:
   639                           
   640                           ;D2_main3S.c: 252:     ANSELH = 0;
   641  00F2  0189               	clrf	9	;volatile
   642  00F3                     l1101:
   643                           
   644                           ;D2_main3S.c: 254:     TRISAbits.TRISA0 = 1;
   645  00F3  1683               	bsf	3,5	;RP0=1, select bank1
   646  00F4  1303               	bcf	3,6	;RP1=0, select bank1
   647  00F5  1405               	bsf	5,0	;volatile
   648  00F6                     l1103:
   649                           
   650                           ;D2_main3S.c: 255:     TRISAbits.TRISA1 = 1;
   651  00F6  1485               	bsf	5,1	;volatile
   652  00F7                     l1105:
   653                           
   654                           ;D2_main3S.c: 257:     TRISB = 0;
   655  00F7  0186               	clrf	6	;volatile
   656  00F8                     l1107:
   657                           
   658                           ;D2_main3S.c: 259:     TRISD = 0;
   659  00F8  0188               	clrf	8	;volatile
   660  00F9                     l1109:
   661                           
   662                           ;D2_main3S.c: 261:     PORTB = 0;
   663  00F9  1283               	bcf	3,5	;RP0=0, select bank0
   664  00FA  1303               	bcf	3,6	;RP1=0, select bank0
   665  00FB  0186               	clrf	6	;volatile
   666  00FC                     l1111:
   667                           
   668                           ;D2_main3S.c: 262:     PORTD = 0;
   669  00FC  0188               	clrf	8	;volatile
   670  00FD                     l1113:
   671                           
   672                           ;D2_main3S.c: 264:     INTCONbits.GIE = 1;
   673  00FD  178B               	bsf	11,7	;volatile
   674  00FE                     l1115:
   675                           
   676                           ;D2_main3S.c: 265:     INTCONbits.PEIE = 1;
   677  00FE  170B               	bsf	11,6	;volatile
   678  00FF                     l1117:
   679                           
   680                           ;D2_main3S.c: 266:     PIR1bits.SSPIF = 0;
   681  00FF  118C               	bcf	12,3	;volatile
   682  0100                     l1119:
   683                           
   684                           ;D2_main3S.c: 267:     PIE1bits.SSPIE = 1;
   685  0100  1683               	bsf	3,5	;RP0=1, select bank1
   686  0101  1303               	bcf	3,6	;RP1=0, select bank1
   687  0102  158C               	bsf	12,3	;volatile
   688  0103                     l1121:
   689                           
   690                           ;D2_main3S.c: 268:     TRISAbits.TRISA5 = 1;
   691  0103  1685               	bsf	5,5	;volatile
   692  0104                     l1123:
   693                           
   694                           ;D2_main3S.c: 269:     spiInit(SPI_SLAVE_SS_EN, SPI_DATA_SAMPLE_MIDDLE, SPI_CLOCK_IDLE_L
      +                          OW,
   695  0104  1283               	bcf	3,5	;RP0=0, select bank0
   696  0105  1303               	bcf	3,6	;RP1=0, select bank0
   697  0106  01A8               	clrf	spiInit@sDataSample
   698  0107  01A9               	clrf	spiInit@sClockIdle
   699  0108  01AA               	clrf	spiInit@sTransmitEdge
   700  0109  3024               	movlw	36
   701  010A  120A  118A  211C  120A  118A  	fcall	_spiInit
   702  010F                     l1125:
   703                           
   704                           ;D2_main3S.c: 273:     OSCCONbits.IRCF0 = 0;
   705  010F  1683               	bsf	3,5	;RP0=1, select bank1
   706  0110  1303               	bcf	3,6	;RP1=0, select bank1
   707  0111  120F               	bcf	15,4	;volatile
   708  0112                     l1127:
   709                           
   710                           ;D2_main3S.c: 274:     OSCCONbits.IRCF1 = 1;
   711  0112  168F               	bsf	15,5	;volatile
   712  0113                     l1129:
   713                           
   714                           ;D2_main3S.c: 275:     OSCCONbits.IRCF2 = 1;
   715  0113  170F               	bsf	15,6	;volatile
   716  0114                     l1131:
   717                           
   718                           ;D2_main3S.c: 276:     OSCCONbits.SCS = 1;
   719  0114  140F               	bsf	15,0	;volatile
   720  0115                     l1133:
   721                           
   722                           ;D2_main3S.c: 279:     ADC_config(2);
   723  0115  3002               	movlw	2
   724  0116  120A  118A  2021  120A  118A  	fcall	_ADC_config
   725  011B                     l74:
   726  011B  0008               	return
   727  011C                     __end_of_setup:
   728                           
   729                           	psect	text2
   730  011C                     __ptext2:	
   731 ;; *************** function _spiInit *****************
   732 ;; Defined at:
   733 ;;		line 48 in file "SPI.c"
   734 ;; Parameters:    Size  Location     Type
   735 ;;  sType           1    wreg     enum E1264
   736 ;;  sDataSample     1    0[BANK0 ] enum E1272
   737 ;;  sClockIdle      1    1[BANK0 ] enum E1276
   738 ;;  sTransmitEdg    1    2[BANK0 ] enum E1280
   739 ;; Auto vars:     Size  Location     Type
   740 ;;  sType           1    3[BANK0 ] enum E1264
   741 ;; Return value:  Size  Location     Type
   742 ;;                  1    wreg      void 
   743 ;; Registers used:
   744 ;;		wreg, status,2, status,0
   745 ;; Tracked objects:
   746 ;;		On entry : 0/0
   747 ;;		On exit  : 0/0
   748 ;;		Unchanged: 0/0
   749 ;; Data sizes:     COMMON   BANK0   BANK1   BANK3   BANK2
   750 ;;      Params:         0       3       0       0       0
   751 ;;      Locals:         0       1       0       0       0
   752 ;;      Temps:          0       0       0       0       0
   753 ;;      Totals:         0       4       0       0       0
   754 ;;Total ram usage:        4 bytes
   755 ;; Hardware stack levels used:    1
   756 ;; Hardware stack levels required when called:    3
   757 ;; This function calls:
   758 ;;		Nothing
   759 ;; This function is called by:
   760 ;;		_setup
   761 ;; This function uses a non-reentrant model
   762 ;;
   763                           
   764                           
   765                           ;psect for function _spiInit
   766  011C                     _spiInit:
   767                           
   768                           ;incstack = 0
   769                           ; Regs used in _spiInit: [wreg+status,2+status,0]
   770                           ;spiInit@sType stored from wreg
   771  011C  1283               	bcf	3,5	;RP0=0, select bank0
   772  011D  1303               	bcf	3,6	;RP1=0, select bank0
   773  011E  00AB               	movwf	spiInit@sType
   774  011F                     l1011:
   775                           
   776                           ;SPI.c: 48: void spiInit(Spi_Type sType, Spi_Data_Sample sDataSample, Spi_Clock_Idle sCl
      +                          ockIdle, Spi_Transmit_Edge sTransmitEdge);SPI.c: 49: {;SPI.c: 50:     TRISC5 = 0;
   777  011F  1683               	bsf	3,5	;RP0=1, select bank1
   778  0120  1303               	bcf	3,6	;RP1=0, select bank1
   779  0121  1287               	bcf	7,5	;volatile
   780                           
   781                           ;SPI.c: 51:     if(sType & 0b00000100)
   782  0122  1283               	bcf	3,5	;RP0=0, select bank0
   783  0123  1303               	bcf	3,6	;RP1=0, select bank0
   784  0124  1D2B               	btfss	spiInit@sType,2
   785  0125  2927               	goto	u151
   786  0126  2928               	goto	u150
   787  0127                     u151:
   788  0127  292E               	goto	l1017
   789  0128                     u150:
   790  0128                     l1013:
   791                           
   792                           ;SPI.c: 52:     {;SPI.c: 53:         SSPSTAT = sTransmitEdge;
   793  0128  082A               	movf	spiInit@sTransmitEdge,w
   794  0129  1683               	bsf	3,5	;RP0=1, select bank1
   795  012A  1303               	bcf	3,6	;RP1=0, select bank1
   796  012B  0094               	movwf	20	;volatile
   797  012C                     l1015:
   798                           
   799                           ;SPI.c: 54:         TRISC3 = 1;
   800  012C  1587               	bsf	7,3	;volatile
   801                           
   802                           ;SPI.c: 55:     }
   803  012D  2934               	goto	l105
   804  012E                     l1017:
   805                           
   806                           ;SPI.c: 57:     {;SPI.c: 58:         SSPSTAT = sDataSample | sTransmitEdge;
   807  012E  0828               	movf	spiInit@sDataSample,w
   808  012F  042A               	iorwf	spiInit@sTransmitEdge,w
   809  0130  1683               	bsf	3,5	;RP0=1, select bank1
   810  0131  1303               	bcf	3,6	;RP1=0, select bank1
   811  0132  0094               	movwf	20	;volatile
   812  0133                     l1019:
   813                           
   814                           ;SPI.c: 59:         TRISC3 = 0;
   815  0133  1187               	bcf	7,3	;volatile
   816  0134                     l105:	
   817                           ;SPI.c: 60:     }
   818                           
   819                           
   820                           ;SPI.c: 62:     SSPCON = sType | sClockIdle;
   821  0134  1283               	bcf	3,5	;RP0=0, select bank0
   822  0135  1303               	bcf	3,6	;RP1=0, select bank0
   823  0136  082B               	movf	spiInit@sType,w
   824  0137  0429               	iorwf	spiInit@sClockIdle,w
   825  0138  0094               	movwf	20	;volatile
   826  0139                     l106:
   827  0139  0008               	return
   828  013A                     __end_of_spiInit:
   829                           
   830                           	psect	text3
   831  0021                     __ptext3:	
   832 ;; *************** function _ADC_config *****************
   833 ;; Defined at:
   834 ;;		line 76 in file "ADC.c"
   835 ;; Parameters:    Size  Location     Type
   836 ;;  frec            1    wreg     unsigned char 
   837 ;; Auto vars:     Size  Location     Type
   838 ;;  frec            1    2[BANK0 ] unsigned char 
   839 ;; Return value:  Size  Location     Type
   840 ;;                  1    wreg      void 
   841 ;; Registers used:
   842 ;;		wreg, fsr0l, fsr0h, status,2, status,0
   843 ;; Tracked objects:
   844 ;;		On entry : 0/0
   845 ;;		On exit  : 0/0
   846 ;;		Unchanged: 0/0
   847 ;; Data sizes:     COMMON   BANK0   BANK1   BANK3   BANK2
   848 ;;      Params:         0       0       0       0       0
   849 ;;      Locals:         0       1       0       0       0
   850 ;;      Temps:          0       2       0       0       0
   851 ;;      Totals:         0       3       0       0       0
   852 ;;Total ram usage:        3 bytes
   853 ;; Hardware stack levels used:    1
   854 ;; Hardware stack levels required when called:    3
   855 ;; This function calls:
   856 ;;		Nothing
   857 ;; This function is called by:
   858 ;;		_setup
   859 ;; This function uses a non-reentrant model
   860 ;;
   861                           
   862                           
   863                           ;psect for function _ADC_config
   864  0021                     _ADC_config:
   865                           
   866                           ;incstack = 0
   867                           ; Regs used in _ADC_config: [wreg-fsr0h+status,2+status,0]
   868                           ;ADC_config@frec stored from wreg
   869  0021  1283               	bcf	3,5	;RP0=0, select bank0
   870  0022  1303               	bcf	3,6	;RP1=0, select bank0
   871  0023  00AA               	movwf	ADC_config@frec
   872  0024                     l1021:
   873                           
   874                           ;ADC.c: 77:     switch(frec){
   875  0024  2875               	goto	l1089
   876  0025                     l1023:
   877                           
   878                           ;ADC.c: 79:             ADCON0bits.CHS = 0;
   879  0025  30C3               	movlw	-61
   880  0026  059F               	andwf	31,f	;volatile
   881  0027                     l1025:
   882                           
   883                           ;ADC.c: 80:             _delay((unsigned long)((100)*(4000000/4000000.0)));
   884  0027  3020               	movlw	32
   885  0028  1283               	bcf	3,5	;RP0=0, select bank0
   886  0029  1303               	bcf	3,6	;RP1=0, select bank0
   887  002A  00A8               	movwf	??_ADC_config
   888  002B                     u187:
   889  002B  0BA8               	decfsz	??_ADC_config,f
   890  002C  282B               	goto	u187
   891  002D  0000               	nop
   892  002E                     l1027:
   893                           
   894                           ;ADC.c: 82:             ADCON0bits.ADCS0 = 0;
   895  002E  1283               	bcf	3,5	;RP0=0, select bank0
   896  002F  1303               	bcf	3,6	;RP1=0, select bank0
   897  0030  131F               	bcf	31,6	;volatile
   898  0031                     l1029:
   899                           
   900                           ;ADC.c: 83:             ADCON0bits.ADCS1 = 0;
   901  0031  139F               	bcf	31,7	;volatile
   902  0032                     l1031:
   903                           
   904                           ;ADC.c: 84:             ADCON0bits.ADON = 1;
   905  0032  141F               	bsf	31,0	;volatile
   906  0033                     l1033:
   907                           
   908                           ;ADC.c: 85:             ADCON1bits.ADFM = 0;
   909  0033  1683               	bsf	3,5	;RP0=1, select bank1
   910  0034  1303               	bcf	3,6	;RP1=0, select bank1
   911  0035  139F               	bcf	31,7	;volatile
   912  0036                     l1035:
   913                           
   914                           ;ADC.c: 86:             ADCON1bits.VCFG1 = 0;
   915  0036  129F               	bcf	31,5	;volatile
   916  0037                     l1037:
   917                           
   918                           ;ADC.c: 87:             ADCON1bits.VCFG0 = 0;
   919  0037  121F               	bcf	31,4	;volatile
   920                           
   921                           ;ADC.c: 88:             break;
   922  0038  288B               	goto	l89
   923  0039                     l1039:
   924                           
   925                           ;ADC.c: 90:             ADCON0bits.CHS = 0;
   926  0039  30C3               	movlw	-61
   927  003A  059F               	andwf	31,f	;volatile
   928  003B                     l1041:
   929                           
   930                           ;ADC.c: 91:             _delay((unsigned long)((100)*(4000000/4000000.0)));
   931  003B  3020               	movlw	32
   932  003C  1283               	bcf	3,5	;RP0=0, select bank0
   933  003D  1303               	bcf	3,6	;RP1=0, select bank0
   934  003E  00A8               	movwf	??_ADC_config
   935  003F                     u197:
   936  003F  0BA8               	decfsz	??_ADC_config,f
   937  0040  283F               	goto	u197
   938  0041  0000               	nop
   939  0042                     l1043:
   940                           
   941                           ;ADC.c: 93:             ADCON0bits.ADCS0 = 1;
   942  0042  1283               	bcf	3,5	;RP0=0, select bank0
   943  0043  1303               	bcf	3,6	;RP1=0, select bank0
   944  0044  171F               	bsf	31,6	;volatile
   945  0045                     l1045:
   946                           
   947                           ;ADC.c: 94:             ADCON0bits.ADCS1 = 0;
   948  0045  139F               	bcf	31,7	;volatile
   949  0046                     l1047:
   950                           
   951                           ;ADC.c: 95:             ADCON0bits.ADON = 1;
   952  0046  141F               	bsf	31,0	;volatile
   953  0047                     l1049:
   954                           
   955                           ;ADC.c: 96:             ADCON1bits.ADFM = 0;
   956  0047  1683               	bsf	3,5	;RP0=1, select bank1
   957  0048  1303               	bcf	3,6	;RP1=0, select bank1
   958  0049  139F               	bcf	31,7	;volatile
   959  004A                     l1051:
   960                           
   961                           ;ADC.c: 97:             ADCON1bits.VCFG1 = 0;
   962  004A  129F               	bcf	31,5	;volatile
   963  004B                     l1053:
   964                           
   965                           ;ADC.c: 98:             ADCON1bits.VCFG0 = 0;
   966  004B  121F               	bcf	31,4	;volatile
   967                           
   968                           ;ADC.c: 99:             break;
   969  004C  288B               	goto	l89
   970  004D                     l1055:
   971                           
   972                           ;ADC.c: 101:             ADCON0bits.CHS = 0;
   973  004D  30C3               	movlw	-61
   974  004E  059F               	andwf	31,f	;volatile
   975  004F                     l1057:
   976                           
   977                           ;ADC.c: 102:             _delay((unsigned long)((100)*(4000000/4000000.0)));
   978  004F  3020               	movlw	32
   979  0050  1283               	bcf	3,5	;RP0=0, select bank0
   980  0051  1303               	bcf	3,6	;RP1=0, select bank0
   981  0052  00A8               	movwf	??_ADC_config
   982  0053                     u207:
   983  0053  0BA8               	decfsz	??_ADC_config,f
   984  0054  2853               	goto	u207
   985  0055  0000               	nop
   986  0056                     l1059:
   987                           
   988                           ;ADC.c: 104:             ADCON0bits.ADCS0 = 0;
   989  0056  1283               	bcf	3,5	;RP0=0, select bank0
   990  0057  1303               	bcf	3,6	;RP1=0, select bank0
   991  0058  131F               	bcf	31,6	;volatile
   992  0059                     l1061:
   993                           
   994                           ;ADC.c: 105:             ADCON0bits.ADCS1 = 1;
   995  0059  179F               	bsf	31,7	;volatile
   996  005A                     l1063:
   997                           
   998                           ;ADC.c: 106:             ADCON0bits.ADON = 1;
   999  005A  141F               	bsf	31,0	;volatile
  1000  005B                     l1065:
  1001                           
  1002                           ;ADC.c: 107:             ADCON1bits.ADFM = 0;
  1003  005B  1683               	bsf	3,5	;RP0=1, select bank1
  1004  005C  1303               	bcf	3,6	;RP1=0, select bank1
  1005  005D  139F               	bcf	31,7	;volatile
  1006  005E                     l1067:
  1007                           
  1008                           ;ADC.c: 108:             ADCON1bits.VCFG1 = 0;
  1009  005E  129F               	bcf	31,5	;volatile
  1010  005F                     l1069:
  1011                           
  1012                           ;ADC.c: 109:             ADCON1bits.VCFG0 = 0;
  1013  005F  121F               	bcf	31,4	;volatile
  1014                           
  1015                           ;ADC.c: 110:             break;
  1016  0060  288B               	goto	l89
  1017  0061                     l1071:
  1018                           
  1019                           ;ADC.c: 112:             ADCON0bits.CHS = 0;
  1020  0061  30C3               	movlw	-61
  1021  0062  059F               	andwf	31,f	;volatile
  1022  0063                     l1073:
  1023                           
  1024                           ;ADC.c: 113:             _delay((unsigned long)((100)*(4000000/4000000.0)));
  1025  0063  3020               	movlw	32
  1026  0064  1283               	bcf	3,5	;RP0=0, select bank0
  1027  0065  1303               	bcf	3,6	;RP1=0, select bank0
  1028  0066  00A8               	movwf	??_ADC_config
  1029  0067                     u217:
  1030  0067  0BA8               	decfsz	??_ADC_config,f
  1031  0068  2867               	goto	u217
  1032  0069  0000               	nop
  1033  006A                     l1075:
  1034                           
  1035                           ;ADC.c: 115:             ADCON0bits.ADCS0 = 1;
  1036  006A  1283               	bcf	3,5	;RP0=0, select bank0
  1037  006B  1303               	bcf	3,6	;RP1=0, select bank0
  1038  006C  171F               	bsf	31,6	;volatile
  1039  006D                     l1077:
  1040                           
  1041                           ;ADC.c: 116:             ADCON0bits.ADCS1 = 1;
  1042  006D  179F               	bsf	31,7	;volatile
  1043  006E                     l1079:
  1044                           
  1045                           ;ADC.c: 117:             ADCON0bits.ADON = 1;
  1046  006E  141F               	bsf	31,0	;volatile
  1047  006F                     l1081:
  1048                           
  1049                           ;ADC.c: 118:             ADCON1bits.ADFM = 0;
  1050  006F  1683               	bsf	3,5	;RP0=1, select bank1
  1051  0070  1303               	bcf	3,6	;RP1=0, select bank1
  1052  0071  139F               	bcf	31,7	;volatile
  1053  0072                     l1083:
  1054                           
  1055                           ;ADC.c: 119:             ADCON1bits.VCFG1 = 0;
  1056  0072  129F               	bcf	31,5	;volatile
  1057  0073                     l1085:
  1058                           
  1059                           ;ADC.c: 120:             ADCON1bits.VCFG0 = 0;
  1060  0073  121F               	bcf	31,4	;volatile
  1061                           
  1062                           ;ADC.c: 121:             break;
  1063  0074  288B               	goto	l89
  1064  0075                     l1089:
  1065  0075  082A               	movf	ADC_config@frec,w
  1066  0076  00A8               	movwf	??_ADC_config
  1067  0077  01A9               	clrf	??_ADC_config+1
  1068                           
  1069                           ; Switch on 2 bytes has been partitioned into a top level switch of size 1, and 1 sub-sw
      +                          itches
  1070                           ; Switch size 1, requested type "simple"
  1071                           ; Number of cases is 1, Range of values is 0 to 0
  1072                           ; switch strategies available:
  1073                           ; Name         Instructions Cycles
  1074                           ; simple_byte            4     3 (average)
  1075                           ; direct_byte           11     8 (fixed)
  1076                           ; jumptable            260     6 (fixed)
  1077                           ;	Chosen strategy is simple_byte
  1078  0078  0829               	movf	??_ADC_config+1,w
  1079  0079  3A00               	xorlw	0	; case 0
  1080  007A  1903               	skipnz
  1081  007B  287D               	goto	l1173
  1082  007C  288B               	goto	l89
  1083  007D                     l1173:
  1084                           
  1085                           ; Switch size 1, requested type "simple"
  1086                           ; Number of cases is 4, Range of values is 0 to 3
  1087                           ; switch strategies available:
  1088                           ; Name         Instructions Cycles
  1089                           ; simple_byte           13     7 (average)
  1090                           ; direct_byte           20     8 (fixed)
  1091                           ; jumptable            260     6 (fixed)
  1092                           ;	Chosen strategy is simple_byte
  1093  007D  0828               	movf	??_ADC_config,w
  1094  007E  3A00               	xorlw	0	; case 0
  1095  007F  1903               	skipnz
  1096  0080  2825               	goto	l1023
  1097  0081  3A01               	xorlw	1	; case 1
  1098  0082  1903               	skipnz
  1099  0083  2839               	goto	l1039
  1100  0084  3A03               	xorlw	3	; case 2
  1101  0085  1903               	skipnz
  1102  0086  284D               	goto	l1055
  1103  0087  3A01               	xorlw	1	; case 3
  1104  0088  1903               	skipnz
  1105  0089  2861               	goto	l1071
  1106  008A  288B               	goto	l89
  1107  008B                     l89:
  1108  008B  0008               	return
  1109  008C                     __end_of_ADC_config:
  1110                           
  1111                           	psect	text4
  1112  008C                     __ptext4:	
  1113 ;; *************** function _isr *****************
  1114 ;; Defined at:
  1115 ;;		line 197 in file "D2_main3S.c"
  1116 ;; Parameters:    Size  Location     Type
  1117 ;;		None
  1118 ;; Auto vars:     Size  Location     Type
  1119 ;;		None
  1120 ;; Return value:  Size  Location     Type
  1121 ;;                  1    wreg      void 
  1122 ;; Registers used:
  1123 ;;		wreg, status,2, status,0, pclath, cstack
  1124 ;; Tracked objects:
  1125 ;;		On entry : 0/0
  1126 ;;		On exit  : 0/0
  1127 ;;		Unchanged: 0/0
  1128 ;; Data sizes:     COMMON   BANK0   BANK1   BANK3   BANK2
  1129 ;;      Params:         0       0       0       0       0
  1130 ;;      Locals:         0       0       0       0       0
  1131 ;;      Temps:          4       0       0       0       0
  1132 ;;      Totals:         4       0       0       0       0
  1133 ;;Total ram usage:        4 bytes
  1134 ;; Hardware stack levels used:    1
  1135 ;; Hardware stack levels required when called:    2
  1136 ;; This function calls:
  1137 ;;		_spiRead
  1138 ;;		_spiWrite
  1139 ;; This function is called by:
  1140 ;;		Interrupt level 1
  1141 ;; This function uses a non-reentrant model
  1142 ;;
  1143                           
  1144                           
  1145                           ;psect for function _isr
  1146  008C                     _isr:
  1147  008C                     i1l961:
  1148                           
  1149                           ;D2_main3S.c: 201:        if(PIR1bits.ADIF == 1)
  1150  008C  1283               	bcf	3,5	;RP0=0, select bank0
  1151  008D  1303               	bcf	3,6	;RP1=0, select bank0
  1152  008E  1F0C               	btfss	12,6	;volatile
  1153  008F  2891               	goto	u10_21
  1154  0090  2892               	goto	u10_20
  1155  0091                     u10_21:
  1156  0091  28BA               	goto	i1l977
  1157  0092                     u10_20:
  1158  0092                     i1l963:
  1159                           
  1160                           ;D2_main3S.c: 202:        {;D2_main3S.c: 203:            if(ADCON0bits.CHS == 0) {
  1161  0092  0C1F               	rrf	31,w	;volatile
  1162  0093  00F1               	movwf	??_isr
  1163  0094  0C71               	rrf	??_isr,w
  1164  0095  390F               	andlw	15
  1165  0096  3A00               	xorlw	0
  1166  0097  1D03               	skipz
  1167  0098  289A               	goto	u11_21
  1168  0099  289B               	goto	u11_20
  1169  009A                     u11_21:
  1170  009A  28A7               	goto	i1l969
  1171  009B                     u11_20:
  1172  009B                     i1l965:
  1173                           
  1174                           ;D2_main3S.c: 204:                ADC = ADRESH;
  1175  009B  081E               	movf	30,w	;volatile
  1176  009C  00F1               	movwf	??_isr
  1177  009D  01F2               	clrf	??_isr+1
  1178  009E  0871               	movf	??_isr,w
  1179  009F  00F7               	movwf	_ADC
  1180  00A0  0872               	movf	??_isr+1,w
  1181  00A1  00F8               	movwf	_ADC+1
  1182  00A2                     i1l967:
  1183                           
  1184                           ;D2_main3S.c: 205:                ADCON0bits.CHS = 1;
  1185  00A2  081F               	movf	31,w	;volatile
  1186  00A3  39C3               	andlw	-61
  1187  00A4  3804               	iorlw	4
  1188  00A5  009F               	movwf	31	;volatile
  1189                           
  1190                           ;D2_main3S.c: 207:            }
  1191  00A6  28B9               	goto	i1l975
  1192  00A7                     i1l969:
  1193  00A7  0C1F               	rrf	31,w	;volatile
  1194  00A8  00F1               	movwf	??_isr
  1195  00A9  0C71               	rrf	??_isr,w
  1196  00AA  390F               	andlw	15
  1197  00AB  3A01               	xorlw	1
  1198  00AC  1D03               	skipz
  1199  00AD  28AF               	goto	u12_21
  1200  00AE  28B0               	goto	u12_20
  1201  00AF                     u12_21:
  1202  00AF  28B9               	goto	i1l975
  1203  00B0                     u12_20:
  1204  00B0                     i1l971:
  1205                           
  1206                           ;D2_main3S.c: 209:             ADCON0bits.CHS = 0;
  1207  00B0  30C3               	movlw	-61
  1208  00B1  059F               	andwf	31,f	;volatile
  1209  00B2                     i1l973:
  1210                           
  1211                           ;D2_main3S.c: 210:                ADC2 = ADRESH;
  1212  00B2  081E               	movf	30,w	;volatile
  1213  00B3  00F1               	movwf	??_isr
  1214  00B4  01F2               	clrf	??_isr+1
  1215  00B5  0871               	movf	??_isr,w
  1216  00B6  00F5               	movwf	_ADC2
  1217  00B7  0872               	movf	??_isr+1,w
  1218  00B8  00F6               	movwf	_ADC2+1
  1219  00B9                     i1l975:
  1220                           
  1221                           ;D2_main3S.c: 213:            PIR1bits.ADIF = 0;
  1222  00B9  130C               	bcf	12,6	;volatile
  1223  00BA                     i1l977:
  1224                           
  1225                           ;D2_main3S.c: 219:         if(SSPIF == 1){
  1226  00BA  1D8C               	btfss	12,3	;volatile
  1227  00BB  28BD               	goto	u13_21
  1228  00BC  28BE               	goto	u13_20
  1229  00BD                     u13_21:
  1230  00BD  28E7               	goto	i1l62
  1231  00BE                     u13_20:
  1232  00BE                     i1l979:
  1233                           
  1234                           ;D2_main3S.c: 220:             trash01 = spiRead();
  1235  00BE  120A  118A  2153  120A  118A  	fcall	_spiRead
  1236  00C3  00F1               	movwf	??_isr
  1237  00C4  01F2               	clrf	??_isr+1
  1238  00C5  0871               	movf	??_isr,w
  1239  00C6  1283               	bcf	3,5	;RP0=0, select bank0
  1240  00C7  1303               	bcf	3,6	;RP1=0, select bank0
  1241  00C8  00A6               	movwf	_trash01
  1242  00C9  0872               	movf	??_isr+1,w
  1243  00CA  00A7               	movwf	_trash01+1
  1244                           
  1245                           ;D2_main3S.c: 221:             spiWrite(ADC2);
  1246  00CB  0875               	movf	_ADC2,w
  1247  00CC  120A  118A  2163  120A  118A  	fcall	_spiWrite
  1248                           
  1249                           ;D2_main3S.c: 222:             trash02 = spiRead();
  1250  00D1  120A  118A  2153  120A  118A  	fcall	_spiRead
  1251  00D6  00F1               	movwf	??_isr
  1252  00D7  01F2               	clrf	??_isr+1
  1253  00D8  0871               	movf	??_isr,w
  1254  00D9  1283               	bcf	3,5	;RP0=0, select bank0
  1255  00DA  1303               	bcf	3,6	;RP1=0, select bank0
  1256  00DB  00A4               	movwf	_trash02
  1257  00DC  0872               	movf	??_isr+1,w
  1258  00DD  00A5               	movwf	_trash02+1
  1259                           
  1260                           ;D2_main3S.c: 223:             spiWrite(ADC);
  1261  00DE  0877               	movf	_ADC,w
  1262  00DF  120A  118A  2163  120A  118A  	fcall	_spiWrite
  1263  00E4                     i1l981:
  1264                           
  1265                           ;D2_main3S.c: 224:             SSPIF = 0;
  1266  00E4  1283               	bcf	3,5	;RP0=0, select bank0
  1267  00E5  1303               	bcf	3,6	;RP1=0, select bank0
  1268  00E6  118C               	bcf	12,3	;volatile
  1269  00E7                     i1l62:
  1270  00E7  0874               	movf	??_isr+3,w
  1271  00E8  008A               	movwf	10
  1272  00E9  0E73               	swapf	??_isr+2,w
  1273  00EA  0083               	movwf	3
  1274  00EB  0EFE               	swapf	btemp,f
  1275  00EC  0E7E               	swapf	btemp,w
  1276  00ED  0009               	retfie
  1277  00EE                     __end_of_isr:
  1278                           
  1279                           	psect	intentry
  1280  0004                     __pintentry:	
  1281                           ;incstack = 0
  1282                           ; Regs used in _isr: [wreg+status,2+status,0+pclath+cstack]
  1283                           
  1284  0004                     interrupt_function:
  1285  007E                     saved_w	set	btemp
  1286  0004  00FE               	movwf	btemp
  1287  0005  0E03               	swapf	3,w
  1288  0006  00F3               	movwf	??_isr+2
  1289  0007  080A               	movf	10,w
  1290  0008  00F4               	movwf	??_isr+3
  1291  0009  120A  118A  288C   	ljmp	_isr
  1292                           
  1293                           	psect	text5
  1294  0163                     __ptext5:	
  1295 ;; *************** function _spiWrite *****************
  1296 ;; Defined at:
  1297 ;;		line 70 in file "SPI.c"
  1298 ;; Parameters:    Size  Location     Type
  1299 ;;  dat             1    wreg     unsigned char 
  1300 ;; Auto vars:     Size  Location     Type
  1301 ;;  dat             1    0[COMMON] unsigned char 
  1302 ;; Return value:  Size  Location     Type
  1303 ;;                  1    wreg      void 
  1304 ;; Registers used:
  1305 ;;		wreg
  1306 ;; Tracked objects:
  1307 ;;		On entry : 0/0
  1308 ;;		On exit  : 0/0
  1309 ;;		Unchanged: 0/0
  1310 ;; Data sizes:     COMMON   BANK0   BANK1   BANK3   BANK2
  1311 ;;      Params:         0       0       0       0       0
  1312 ;;      Locals:         1       0       0       0       0
  1313 ;;      Temps:          0       0       0       0       0
  1314 ;;      Totals:         1       0       0       0       0
  1315 ;;Total ram usage:        1 bytes
  1316 ;; Hardware stack levels used:    1
  1317 ;; This function calls:
  1318 ;;		Nothing
  1319 ;; This function is called by:
  1320 ;;		_isr
  1321 ;; This function uses a non-reentrant model
  1322 ;;
  1323                           
  1324                           
  1325                           ;psect for function _spiWrite
  1326  0163                     _spiWrite:
  1327                           
  1328                           ;incstack = 0
  1329                           ; Regs used in _spiWrite: [wreg]
  1330                           ;spiWrite@dat stored from wreg
  1331  0163  00F0               	movwf	spiWrite@dat
  1332  0164                     i1l921:
  1333                           
  1334                           ;SPI.c: 70: void spiWrite(char dat);SPI.c: 71: {;SPI.c: 72:     SSPBUF = dat;
  1335  0164  0870               	movf	spiWrite@dat,w
  1336  0165  1283               	bcf	3,5	;RP0=0, select bank0
  1337  0166  1303               	bcf	3,6	;RP1=0, select bank0
  1338  0167  0093               	movwf	19	;volatile
  1339  0168                     i1l115:
  1340  0168  0008               	return
  1341  0169                     __end_of_spiWrite:
  1342                           
  1343                           	psect	text6
  1344  0153                     __ptext6:	
  1345 ;; *************** function _spiRead *****************
  1346 ;; Defined at:
  1347 ;;		line 83 in file "SPI.c"
  1348 ;; Parameters:    Size  Location     Type
  1349 ;;		None
  1350 ;; Auto vars:     Size  Location     Type
  1351 ;;		None
  1352 ;; Return value:  Size  Location     Type
  1353 ;;                  1    wreg      unsigned char 
  1354 ;; Registers used:
  1355 ;;		wreg, status,2, status,0, pclath, cstack
  1356 ;; Tracked objects:
  1357 ;;		On entry : 0/0
  1358 ;;		On exit  : 0/0
  1359 ;;		Unchanged: 0/0
  1360 ;; Data sizes:     COMMON   BANK0   BANK1   BANK3   BANK2
  1361 ;;      Params:         0       0       0       0       0
  1362 ;;      Locals:         0       0       0       0       0
  1363 ;;      Temps:          0       0       0       0       0
  1364 ;;      Totals:         0       0       0       0       0
  1365 ;;Total ram usage:        0 bytes
  1366 ;; Hardware stack levels used:    1
  1367 ;; Hardware stack levels required when called:    1
  1368 ;; This function calls:
  1369 ;;		_spiReceiveWait
  1370 ;; This function is called by:
  1371 ;;		_isr
  1372 ;; This function uses a non-reentrant model
  1373 ;;
  1374                           
  1375                           
  1376                           ;psect for function _spiRead
  1377  0153                     _spiRead:
  1378  0153                     i1l915:	
  1379                           ;incstack = 0
  1380                           ; Regs used in _spiRead: [wreg+status,2+status,0+pclath+cstack]
  1381                           
  1382                           
  1383                           ;SPI.c: 85:     spiReceiveWait();
  1384  0153  120A  118A  215C  120A  118A  	fcall	_spiReceiveWait
  1385  0158                     i1l917:
  1386                           
  1387                           ;SPI.c: 86:     return(SSPBUF);
  1388  0158  1283               	bcf	3,5	;RP0=0, select bank0
  1389  0159  1303               	bcf	3,6	;RP1=0, select bank0
  1390  015A  0813               	movf	19,w	;volatile
  1391  015B                     i1l123:
  1392  015B  0008               	return
  1393  015C                     __end_of_spiRead:
  1394                           
  1395                           	psect	text7
  1396  015C                     __ptext7:	
  1397 ;; *************** function _spiReceiveWait *****************
  1398 ;; Defined at:
  1399 ;;		line 65 in file "SPI.c"
  1400 ;; Parameters:    Size  Location     Type
  1401 ;;		None
  1402 ;; Auto vars:     Size  Location     Type
  1403 ;;		None
  1404 ;; Return value:  Size  Location     Type
  1405 ;;                  1    wreg      void 
  1406 ;; Registers used:
  1407 ;;		None
  1408 ;; Tracked objects:
  1409 ;;		On entry : 0/0
  1410 ;;		On exit  : 0/0
  1411 ;;		Unchanged: 0/0
  1412 ;; Data sizes:     COMMON   BANK0   BANK1   BANK3   BANK2
  1413 ;;      Params:         0       0       0       0       0
  1414 ;;      Locals:         0       0       0       0       0
  1415 ;;      Temps:          0       0       0       0       0
  1416 ;;      Totals:         0       0       0       0       0
  1417 ;;Total ram usage:        0 bytes
  1418 ;; Hardware stack levels used:    1
  1419 ;; This function calls:
  1420 ;;		Nothing
  1421 ;; This function is called by:
  1422 ;;		_spiRead
  1423 ;; This function uses a non-reentrant model
  1424 ;;
  1425                           
  1426                           
  1427                           ;psect for function _spiReceiveWait
  1428  015C                     _spiReceiveWait:
  1429  015C                     i1l913:	
  1430                           ;incstack = 0
  1431                           ; Regs used in _spiReceiveWait: []
  1432                           
  1433  015C                     i1l109:	
  1434                           ;SPI.c: 67:     while ( !SSPSTATbits.BF );
  1435                           
  1436  015C  1683               	bsf	3,5	;RP0=1, select bank1
  1437  015D  1303               	bcf	3,6	;RP1=0, select bank1
  1438  015E  1C14               	btfss	20,0	;volatile
  1439  015F  2961               	goto	u9_21
  1440  0160  2962               	goto	u9_20
  1441  0161                     u9_21:
  1442  0161  295C               	goto	i1l109
  1443  0162                     u9_20:
  1444  0162                     i1l112:
  1445  0162  0008               	return
  1446  0163                     __end_of_spiReceiveWait:
  1447  007E                     btemp	set	126	;btemp
  1448  007E                     wtemp0	set	126
  1449                           
  1450                           	psect	config
  1451                           
  1452                           ;Config register CONFIG1 @ 0x2007
  1453                           ;	Oscillator Selection bits
  1454                           ;	FOSC = INTRC_NOCLKOUT, INTOSCIO oscillator: I/O function on RA6/OSC2/CLKOUT pin, I/O f
      +                          unction on RA7/OSC1/CLKIN
  1455                           ;	Watchdog Timer Enable bit
  1456                           ;	WDTE = OFF, WDT disabled and can be enabled by SWDTEN bit of the WDTCON register
  1457                           ;	Power-up Timer Enable bit
  1458                           ;	PWRTE = OFF, PWRT disabled
  1459                           ;	RE3/MCLR pin function select bit
  1460                           ;	MCLRE = OFF, RE3/MCLR pin function is digital input, MCLR internally tied to VDD
  1461                           ;	Code Protection bit
  1462                           ;	CP = OFF, Program memory code protection is disabled
  1463                           ;	Data Code Protection bit
  1464                           ;	CPD = OFF, Data memory code protection is disabled
  1465                           ;	Brown Out Reset Selection bits
  1466                           ;	BOREN = OFF, BOR disabled
  1467                           ;	Internal External Switchover bit
  1468                           ;	IESO = OFF, Internal/External Switchover mode is disabled
  1469                           ;	Fail-Safe Clock Monitor Enabled bit
  1470                           ;	FCMEN = OFF, Fail-Safe Clock Monitor is disabled
  1471                           ;	Low Voltage Programming Enable bit
  1472                           ;	LVP = OFF, RB3 pin has digital I/O, HV on MCLR must be used for programming
  1473                           ;	In-Circuit Debugger Mode bit
  1474                           ;	DEBUG = 0x1, unprogrammed default
  1475  2007                     	org	8199
  1476  2007  20D4               	dw	8404
  1477                           
  1478                           ;Config register CONFIG2 @ 0x2008
  1479                           ;	Brown-out Reset Selection bit
  1480                           ;	BOR4V = BOR40V, Brown-out Reset set to 4.0V
  1481                           ;	Flash Program Memory Self Write Enable bits
  1482                           ;	WRT = OFF, Write protection off
  1483  2008                     	org	8200
  1484  2008  3FFF               	dw	16383

Data Sizes:
    Strings     0
    Constant    0
    Data        0
    BSS         12
    Persistent  0
    Stack       0

Auto Spaces:
    Space          Size  Autos    Used
    COMMON           14      5       9
    BANK0            80      5      13
    BANK1            80      0       0
    BANK3            96      0       0
    BANK2            96      0       0

Pointer List with Targets:

    None.

Critical Paths under _main in COMMON

    None.

Critical Paths under _isr in COMMON

    _isr->_spiWrite

Critical Paths under _main in BANK0

    _setup->_spiInit

Critical Paths under _isr in BANK0

    None.

Critical Paths under _main in BANK1

    None.

Critical Paths under _isr in BANK1

    None.

Critical Paths under _main in BANK3

    None.

Critical Paths under _isr in BANK3

    None.

Critical Paths under _main in BANK2

    None.

Critical Paths under _isr in BANK2

    None.

Call Graph Tables:

 ---------------------------------------------------------------------------------
 (Depth) Function   	        Calls       Base Space   Used Autos Params    Refs
 ---------------------------------------------------------------------------------
 (0) _main                                                 1     1      0     478
                                              4 BANK0      1     1      0
                              _setup
 ---------------------------------------------------------------------------------
 (1) _setup                                                0     0      0     478
                         _ADC_config
                            _spiInit
 ---------------------------------------------------------------------------------
 (2) _spiInit                                              4     1      3     456
                                              0 BANK0      4     1      3
 ---------------------------------------------------------------------------------
 (2) _ADC_config                                           3     3      0      22
                                              0 BANK0      3     3      0
 ---------------------------------------------------------------------------------
 Estimated maximum stack depth 2
 ---------------------------------------------------------------------------------
 (Depth) Function   	        Calls       Base Space   Used Autos Params    Refs
 ---------------------------------------------------------------------------------
 (3) _isr                                                  4     4      0      22
                                              1 COMMON     4     4      0
                            _spiRead
                           _spiWrite
 ---------------------------------------------------------------------------------
 (4) _spiWrite                                             1     1      0      22
                                              0 COMMON     1     1      0
 ---------------------------------------------------------------------------------
 (4) _spiRead                                              0     0      0       0
                     _spiReceiveWait
 ---------------------------------------------------------------------------------
 (5) _spiReceiveWait                                       0     0      0       0
 ---------------------------------------------------------------------------------
 Estimated maximum stack depth 5
 ---------------------------------------------------------------------------------

 Call Graph Graphs:

 _main (ROOT)
   _setup
     _ADC_config
     _spiInit

 _isr (ROOT)
   _spiRead
     _spiReceiveWait
   _spiWrite

 Address spaces:
Name               Size   Autos  Total    Cost      Usage
BITCOMMON            E      0       0       0        0.0%
EEDATA             100      0       0       0        0.0%
NULL                 0      0       0       0        0.0%
CODE                 0      0       0       0        0.0%
COMMON               E      5       9       1       64.3%
BITSFR0              0      0       0       1        0.0%
SFR0                 0      0       0       1        0.0%
BITSFR1              0      0       0       2        0.0%
SFR1                 0      0       0       2        0.0%
STACK                0      0       0       2        0.0%
ABS                  0      0      16       3        0.0%
BITBANK0            50      0       0       4        0.0%
BITSFR3              0      0       0       4        0.0%
SFR3                 0      0       0       4        0.0%
BANK0               50      5       D       5       16.2%
BITSFR2              0      0       0       5        0.0%
SFR2                 0      0       0       5        0.0%
BITBANK1            50      0       0       6        0.0%
BANK1               50      0       0       7        0.0%
BITBANK3            60      0       0       8        0.0%
BANK3               60      0       0       9        0.0%
BITBANK2            60      0       0      10        0.0%
BANK2               60      0       0      11        0.0%
DATA                 0      0      16      12        0.0%


Microchip Technology PIC Macro Assembler V2.31 build 20201012212115 
Symbol Table                                                                                   Thu Aug 05 09:37:18 2021

            _SSPSTATbits 0094                       l74 011B                       l89 008B  
                    l105 0134                      l106 0139                      _ADC 0077  
                    u150 0128                      u207 0053                      u151 0127  
                    u160 0145                      u217 0067                      u161 0144  
                    u177 0149                      u187 002B                      u197 003F  
                    _isr 008C      __size_of_ADC_config 006B                     l1011 011F  
                   l1021 0024                     l1013 0128                     l1101 00F3  
                   l1031 0032                     l1023 0025                     l1015 012C  
                   l1111 00FC                     l1103 00F6                     l1041 003B  
                   l1033 0033                     l1025 0027                     l1017 012E  
                   l1121 0103                     l1113 00FD                     l1105 00F7  
                   l1051 004A                     l1043 0042                     l1035 0036  
                   l1027 002E                     l1019 0133                     l1131 0114  
                   l1123 0104                     l1115 00FE                     l1107 00F8  
                   l1061 0059                     l1053 004B                     l1045 0045  
                   l1037 0037                     l1029 0031                     l1133 0115  
                   l1125 010F                     l1117 00FF                     l1109 00F9  
                   l1141 014C                     l1071 0061                     l1063 005A  
                   l1055 004D                     l1047 0046                     l1039 0039  
                   l1127 0112                     l1119 0100                     l1135 013A  
                   l1081 006F                     l1073 0063                     l1065 005B  
                   l1057 004F                     l1049 0047                     l1129 0113  
                   l1137 013F                     l1083 0072                     l1075 006A  
                   l1067 005E                     l1059 0056                     l1139 0145  
                   l1173 007D                     l1085 0073                     l1077 006D  
                   l1069 005F                     l1079 006E                     l1089 0075  
                   l1097 00EE                     l1099 00F2                     _ADC2 0075  
                   ?_isr 0070                     i1l62 00E7                     u9_20 0162  
                   u9_21 0161                     _main 013A                     btemp 007E  
                   start 000C           ADC_config@frec 002A                    ??_isr 0071  
                  ?_main 0070                    _ANSEL 0188                    i1l112 0162  
                  i1l123 015B                    i1l115 0168                    i1l109 015C  
                  i1l913 015C                    i1l921 0164                    i1l915 0153  
                  i1l917 0158                    i1l961 008C                    i1l971 00B0  
                  i1l963 0092                    i1l981 00E4                    i1l973 00B2  
                  i1l965 009B                    i1l975 00B9                    i1l967 00A2  
                  i1l969 00A7                    i1l977 00BA                    i1l979 00BE  
                  u10_20 0092                    u10_21 0091                    u11_20 009B  
                  u11_21 009A                    u12_20 00B0                    u12_21 00AF  
                  u13_20 00BE                    u13_21 00BD                    _PORTB 0006  
                  _PORTD 0008                    _TRISB 0086                    _TRISD 0088  
                  _SSPIF 0063                    _setup 00EE                    pclath 000A  
        __end_of_spiInit 013A          __end_of_spiRead 015C                    status 0003  
                  wtemp0 007E          __initialization 000F             __end_of_main 0153  
                 ??_main 002C                   _ADRESH 001E                   ?_setup 0070  
                 _ANSELH 0189                   _TRISC3 043B                   _TRISC5 043D  
                 _SSPCON 0014                   _SSPBUF 0013             ??_ADC_config 0028  
                 saved_w 007E         __end_of_spiWrite 0169                ??_spiInit 0075  
              ??_spiRead 0070       __end_of_ADC_config 008C  __end_of__initialization 001D  
         __pcstackCOMMON 0070            __end_of_setup 011C                  ??_setup 0075  
             __pbssBANK0 0020               __pmaintext 013A               __pintentry 0004  
__size_of_spiReceiveWait 0007                  _SSPSTAT 0094                ?_spiWrite 0070  
                __ptext1 00EE                  __ptext2 011C                  __ptext3 0021  
                __ptext4 008C                  __ptext5 0163                  __ptext6 0153  
                __ptext7 015C             __size_of_isr 0062                  _spiInit 011C  
                _spiRead 0153                  _trash01 0026                  _trash02 0024  
                _trash03 0022     end_of_initialization 001D               ??_spiWrite 0070  
              _TRISAbits 0085              spiWrite@dat 0070           _spiReceiveWait 015C  
    start_initialization 000F              __end_of_isr 00EE   __end_of_spiReceiveWait 0163  
            __pbssCOMMON 0075                ___latbits 0002            __pcstackBANK0 0028  
        ?_spiReceiveWait 0070        __size_of_spiWrite 0006                 ?_spiInit 0028  
               ?_spiRead 0070           __size_of_setup 002E     spiInit@sTransmitEdge 002A  
      interrupt_function 0004                 _PIE1bits 008C       spiInit@sDataSample 0028  
               _PIR1bits 000C               _ADCON0bits 001F               _ADCON1bits 009F  
             _ADC_config 0021         __size_of_spiInit 001E         __size_of_spiRead 0009  
               _contador 0020            __size_of_main 0019                 _spiWrite 0163  
           spiInit@sType 002B        spiInit@sClockIdle 0029               _INTCONbits 000B  
               intlevel1 0000         ??_spiReceiveWait 0070               _OSCCONbits 008F  
            ?_ADC_config 0070  
