

Microchip MPLAB XC8 Assembler V2.31 build 20201012212115 
                                                                                               Tue Jul 13 16:26:18 2021

Microchip MPLAB XC8 C Compiler v2.31 (Free license) build 20201012212115 Og1 
     1                           	processor	16F887
     2                           	pagewidth 120
     3                           	opt	flic
     4                           	psect	cinit,global,class=CODE,merge=1,delta=2
     5                           	psect	cstackCOMMON,global,class=COMMON,space=1,delta=1,noexec
     6                           	psect	maintext,global,class=CODE,split=1,delta=2
     7                           	psect	text1,local,class=CODE,merge=1,delta=2
     8                           	psect	text2,local,class=CODE,merge=1,delta=2
     9                           	psect	text3,local,class=CODE,merge=1,delta=2
    10                           	psect	config,global,abs,ovrld,class=CONFIG,space=4,delta=2,noexec
    11                           	dabs	1,0x7E,2
    12  0000                     
    13                           ; Version 2.20
    14                           ; Generated 12/02/2020 GMT
    15                           ; 
    16                           ; Copyright © 2020, Microchip Technology Inc. and its subsidiaries ("Microchip")
    17                           ; All rights reserved.
    18                           ; 
    19                           ; This software is developed by Microchip Technology Inc. and its subsidiaries ("Microch
      +                          ip").
    20                           ; 
    21                           ; Redistribution and use in source and binary forms, with or without modification, are
    22                           ; permitted provided that the following conditions are met:
    23                           ; 
    24                           ;     1. Redistributions of source code must retain the above copyright notice, this lis
      +                          t of
    25                           ;        conditions and the following disclaimer.
    26                           ; 
    27                           ;     2. Redistributions in binary form must reproduce the above copyright notice, this 
      +                          list
    28                           ;        of conditions and the following disclaimer in the documentation and/or other
    29                           ;        materials provided with the distribution.
    30                           ; 
    31                           ;     3. Microchip's name may not be used to endorse or promote products derived from th
      +                          is
    32                           ;        software without specific prior written permission.
    33                           ; 
    34                           ; THIS SOFTWARE IS PROVIDED BY MICROCHIP "AS IS" AND ANY EXPRESS OR IMPLIED WARRANTIES,
    35                           ; INCLUDING, BUT NOT LIMITED TO, THE IMPLIED WARRANTIES OF MERCHANTABILITY AND FITNESS F
      +                          OR
    36                           ; PURPOSE ARE DISCLAIMED.  IN NO EVENT SHALL MICROCHIP BE LIABLE FOR ANY DIRECT, INDIREC
      +                          T,
    37                           ; INCIDENTAL, SPECIAL, EXEMPLARY, OR CONSEQUENTIAL DAMAGES (INCLUDING BUT NOT LIMITED TO
    38                           ; PROCUREMENT OF SUBSTITUTE GOODS OR SERVICES; LOSS OF USE, DATA OR PROFITS; OR BUSINESS
    39                           ; INTERRUPTION) HOWSOEVER CAUSED AND ON ANY THEORY OF LIABILITY, WHETHER IN CONTRACT, ST
      +                          RICT
    40                           ; LIABILITY, OR TORT (INCLUDING NEGLIGENCE OR OTHERWISE) ARISING IN ANY WAY OUT OF THE U
      +                          SE OF
    41                           ; THIS SOFTWARE, EVEN IF ADVISED OF THE POSSIBILITY OF SUCH DAMAGE.
    42                           ; 
    43                           ; 
    44                           ; Code-generator required, PIC16F887 Definitions
    45                           ; 
    46                           ; SFR Addresses
    47  0000                     	;# 
    48  0001                     	;# 
    49  0002                     	;# 
    50  0003                     	;# 
    51  0004                     	;# 
    52  0005                     	;# 
    53  0006                     	;# 
    54  0007                     	;# 
    55  0008                     	;# 
    56  0009                     	;# 
    57  000A                     	;# 
    58  000B                     	;# 
    59  000C                     	;# 
    60  000D                     	;# 
    61  000E                     	;# 
    62  000E                     	;# 
    63  000F                     	;# 
    64  0010                     	;# 
    65  0011                     	;# 
    66  0012                     	;# 
    67  0013                     	;# 
    68  0014                     	;# 
    69  0015                     	;# 
    70  0015                     	;# 
    71  0016                     	;# 
    72  0017                     	;# 
    73  0018                     	;# 
    74  0019                     	;# 
    75  001A                     	;# 
    76  001B                     	;# 
    77  001B                     	;# 
    78  001C                     	;# 
    79  001D                     	;# 
    80  001E                     	;# 
    81  001F                     	;# 
    82  0081                     	;# 
    83  0085                     	;# 
    84  0086                     	;# 
    85  0087                     	;# 
    86  0088                     	;# 
    87  0089                     	;# 
    88  008C                     	;# 
    89  008D                     	;# 
    90  008E                     	;# 
    91  008F                     	;# 
    92  0090                     	;# 
    93  0091                     	;# 
    94  0092                     	;# 
    95  0093                     	;# 
    96  0093                     	;# 
    97  0093                     	;# 
    98  0094                     	;# 
    99  0095                     	;# 
   100  0096                     	;# 
   101  0097                     	;# 
   102  0098                     	;# 
   103  0099                     	;# 
   104  009A                     	;# 
   105  009B                     	;# 
   106  009C                     	;# 
   107  009D                     	;# 
   108  009E                     	;# 
   109  009F                     	;# 
   110  0105                     	;# 
   111  0107                     	;# 
   112  0108                     	;# 
   113  0109                     	;# 
   114  010C                     	;# 
   115  010C                     	;# 
   116  010D                     	;# 
   117  010E                     	;# 
   118  010F                     	;# 
   119  0185                     	;# 
   120  0187                     	;# 
   121  0188                     	;# 
   122  0189                     	;# 
   123  018C                     	;# 
   124  018D                     	;# 
   125  0000                     	;# 
   126  0001                     	;# 
   127  0002                     	;# 
   128  0003                     	;# 
   129  0004                     	;# 
   130  0005                     	;# 
   131  0006                     	;# 
   132  0007                     	;# 
   133  0008                     	;# 
   134  0009                     	;# 
   135  000A                     	;# 
   136  000B                     	;# 
   137  000C                     	;# 
   138  000D                     	;# 
   139  000E                     	;# 
   140  000E                     	;# 
   141  000F                     	;# 
   142  0010                     	;# 
   143  0011                     	;# 
   144  0012                     	;# 
   145  0013                     	;# 
   146  0014                     	;# 
   147  0015                     	;# 
   148  0015                     	;# 
   149  0016                     	;# 
   150  0017                     	;# 
   151  0018                     	;# 
   152  0019                     	;# 
   153  001A                     	;# 
   154  001B                     	;# 
   155  001B                     	;# 
   156  001C                     	;# 
   157  001D                     	;# 
   158  001E                     	;# 
   159  001F                     	;# 
   160  0081                     	;# 
   161  0085                     	;# 
   162  0086                     	;# 
   163  0087                     	;# 
   164  0088                     	;# 
   165  0089                     	;# 
   166  008C                     	;# 
   167  008D                     	;# 
   168  008E                     	;# 
   169  008F                     	;# 
   170  0090                     	;# 
   171  0091                     	;# 
   172  0092                     	;# 
   173  0093                     	;# 
   174  0093                     	;# 
   175  0093                     	;# 
   176  0094                     	;# 
   177  0095                     	;# 
   178  0096                     	;# 
   179  0097                     	;# 
   180  0098                     	;# 
   181  0099                     	;# 
   182  009A                     	;# 
   183  009B                     	;# 
   184  009C                     	;# 
   185  009D                     	;# 
   186  009E                     	;# 
   187  009F                     	;# 
   188  0105                     	;# 
   189  0107                     	;# 
   190  0108                     	;# 
   191  0109                     	;# 
   192  010C                     	;# 
   193  010C                     	;# 
   194  010D                     	;# 
   195  010E                     	;# 
   196  010F                     	;# 
   197  0185                     	;# 
   198  0187                     	;# 
   199  0188                     	;# 
   200  0189                     	;# 
   201  018C                     	;# 
   202  018D                     	;# 
   203  0005                     _PORTA	set	5
   204  0008                     _PORTD	set	8
   205  0006                     _PORTBbits	set	6
   206  0006                     _PORTB	set	6
   207  0007                     _PORTC	set	7
   208  0005                     _PORTAbits	set	5
   209  008F                     _OSCCONbits	set	143
   210  0088                     _TRISD	set	136
   211  0087                     _TRISC	set	135
   212  0086                     _TRISB	set	134
   213  0085                     _TRISA	set	133
   214  0189                     _ANSELH	set	393
   215  0188                     _ANSEL	set	392
   216                           
   217                           	psect	cinit
   218  07FC                     start_initialization:	
   219                           ; #config settings
   220                           
   221  07FC                     __initialization:
   222  07FC                     end_of_initialization:	
   223                           ;End of C runtime variable initialization code
   224                           
   225  07FC                     __end_of__initialization:
   226  07FC  0183               	clrf	3
   227  07FD  120A  118A  2F39   	ljmp	_main	;jump to C main() function
   228                           
   229                           	psect	cstackCOMMON
   230  0070                     __pcstackCOMMON:
   231  0070                     ?_setup:
   232  0070                     ??_setup:	
   233                           ; 1 bytes @ 0x0
   234                           
   235  0070                     ?_semaforo:	
   236                           ; 1 bytes @ 0x0
   237                           
   238  0070                     ??_semaforo:	
   239                           ; 1 bytes @ 0x0
   240                           
   241  0070                     ?_main:	
   242                           ; 1 bytes @ 0x0
   243                           
   244  0070                     ?_juego_carrera:	
   245                           ; 1 bytes @ 0x0
   246                           
   247  0070                     juego_carrera@var:	
   248                           ; 2 bytes @ 0x0
   249                           
   250                           
   251                           ; 2 bytes @ 0x0
   252  0070                     	ds	2
   253  0072                     ??_juego_carrera:
   254                           
   255                           ; 1 bytes @ 0x2
   256  0072                     	ds	3
   257  0075                     ??_main:
   258                           
   259                           ; 1 bytes @ 0x5
   260  0075                     	ds	2
   261                           
   262                           	psect	maintext
   263  0739                     __pmaintext:	
   264 ;;
   265 ;;Main: autosize = 0, tempsize = 2, incstack = 0, save=0
   266 ;;
   267 ;; *************** function _main *****************
   268 ;; Defined at:
   269 ;;		line 46 in file "D2_main0.c"
   270 ;; Parameters:    Size  Location     Type
   271 ;;		None
   272 ;; Auto vars:     Size  Location     Type
   273 ;;		None
   274 ;; Return value:  Size  Location     Type
   275 ;;                  1    wreg      void 
   276 ;; Registers used:
   277 ;;		wreg, status,2, status,0, pclath, cstack
   278 ;; Tracked objects:
   279 ;;		On entry : B00/0
   280 ;;		On exit  : 0/0
   281 ;;		Unchanged: 0/0
   282 ;; Data sizes:     COMMON   BANK0   BANK1   BANK3   BANK2
   283 ;;      Params:         0       0       0       0       0
   284 ;;      Locals:         0       0       0       0       0
   285 ;;      Temps:          2       0       0       0       0
   286 ;;      Totals:         2       0       0       0       0
   287 ;;Total ram usage:        2 bytes
   288 ;; Hardware stack levels required when called:    1
   289 ;; This function calls:
   290 ;;		_juego_carrera
   291 ;;		_semaforo
   292 ;;		_setup
   293 ;; This function is called by:
   294 ;;		Startup code after reset
   295 ;; This function uses a non-reentrant model
   296 ;;
   297                           
   298                           
   299                           ;psect for function _main
   300  0739                     _main:
   301  0739                     l757:	
   302                           ;incstack = 0
   303                           ; Regs used in _main: [wreg+status,2+status,0+pclath+cstack]
   304                           
   305                           
   306                           ;D2_main0.c: 47:     setup();
   307  0739  120A  118A  2721  120A  118A  	fcall	_setup
   308  073E                     l759:
   309                           
   310                           ;D2_main0.c: 53:         if (PORTAbits.RA0 == 0) {
   311  073E  1283               	bcf	3,5	;RP0=0, select bank0
   312  073F  1303               	bcf	3,6	;RP1=0, select bank0
   313  0740  1805               	btfsc	5,0	;volatile
   314  0741  2F43               	goto	u171
   315  0742  2F44               	goto	u170
   316  0743                     u171:
   317  0743  2F3E               	goto	l759
   318  0744                     u170:
   319  0744                     l761:
   320                           
   321                           ;D2_main0.c: 54:             _delay((unsigned long)((50)*(8000000/4000.0)));
   322  0744  3082               	movlw	130
   323  0745  00F6               	movwf	??_main+1
   324  0746  30DD               	movlw	221
   325  0747  00F5               	movwf	??_main
   326  0748                     u197:
   327  0748  0BF5               	decfsz	??_main,f
   328  0749  2F48               	goto	u197
   329  074A  0BF6               	decfsz	??_main+1,f
   330  074B  2F48               	goto	u197
   331  074C  2F4D               	nop2
   332  074D                     l763:
   333                           
   334                           ;D2_main0.c: 56:         if (PORTAbits.RA0 == 1) {
   335  074D  1283               	bcf	3,5	;RP0=0, select bank0
   336  074E  1303               	bcf	3,6	;RP1=0, select bank0
   337  074F  1C05               	btfss	5,0	;volatile
   338  0750  2F52               	goto	u181
   339  0751  2F53               	goto	u180
   340  0752                     u181:
   341  0752  2F3E               	goto	l759
   342  0753                     u180:
   343  0753                     l765:
   344                           
   345                           ;D2_main0.c: 57:             semaforo();
   346  0753  120A  118A  2765  120A  118A  	fcall	_semaforo
   347                           
   348                           ;D2_main0.c: 58:             juego_carrera(1);
   349  0758  3001               	movlw	1
   350  0759  00F0               	movwf	juego_carrera@var
   351  075A  3000               	movlw	0
   352  075B  00F1               	movwf	juego_carrera@var+1
   353  075C  120A  118A  27A8  120A  118A  	fcall	_juego_carrera
   354  0761  2F3E               	goto	l759
   355  0762  120A  118A  2800   	ljmp	start
   356  0765                     __end_of_main:
   357                           
   358                           	psect	text1
   359  0721                     __ptext1:	
   360 ;; *************** function _setup *****************
   361 ;; Defined at:
   362 ;;		line 124 in file "D2_main0.c"
   363 ;; Parameters:    Size  Location     Type
   364 ;;		None
   365 ;; Auto vars:     Size  Location     Type
   366 ;;		None
   367 ;; Return value:  Size  Location     Type
   368 ;;                  1    wreg      void 
   369 ;; Registers used:
   370 ;;		wreg, status,2
   371 ;; Tracked objects:
   372 ;;		On entry : 0/0
   373 ;;		On exit  : 0/0
   374 ;;		Unchanged: 0/0
   375 ;; Data sizes:     COMMON   BANK0   BANK1   BANK3   BANK2
   376 ;;      Params:         0       0       0       0       0
   377 ;;      Locals:         0       0       0       0       0
   378 ;;      Temps:          0       0       0       0       0
   379 ;;      Totals:         0       0       0       0       0
   380 ;;Total ram usage:        0 bytes
   381 ;; Hardware stack levels used:    1
   382 ;; This function calls:
   383 ;;		Nothing
   384 ;; This function is called by:
   385 ;;		_main
   386 ;; This function uses a non-reentrant model
   387 ;;
   388                           
   389                           
   390                           ;psect for function _setup
   391  0721                     _setup:
   392  0721                     l655:	
   393                           ;incstack = 0
   394                           ; Regs used in _setup: [wreg+status,2]
   395                           
   396                           
   397                           ;D2_main0.c: 126:     ANSEL = 0;
   398  0721  1683               	bsf	3,5	;RP0=1, select bank3
   399  0722  1703               	bsf	3,6	;RP1=1, select bank3
   400  0723  0188               	clrf	8	;volatile
   401                           
   402                           ;D2_main0.c: 127:     ANSELH = 0;
   403  0724  0189               	clrf	9	;volatile
   404  0725                     l657:
   405                           
   406                           ;D2_main0.c: 129:     TRISA = 0b00000111;
   407  0725  3007               	movlw	7
   408  0726  1683               	bsf	3,5	;RP0=1, select bank1
   409  0727  1303               	bcf	3,6	;RP1=0, select bank1
   410  0728  0085               	movwf	5	;volatile
   411  0729                     l659:
   412                           
   413                           ;D2_main0.c: 130:     TRISB = 0x00;
   414  0729  0186               	clrf	6	;volatile
   415  072A                     l661:
   416                           
   417                           ;D2_main0.c: 131:     TRISC = 0x00;
   418  072A  0187               	clrf	7	;volatile
   419  072B                     l663:
   420                           
   421                           ;D2_main0.c: 132:     TRISD = 0x00;
   422  072B  0188               	clrf	8	;volatile
   423  072C                     l665:
   424                           
   425                           ;D2_main0.c: 136:     PORTA = 0x00;
   426  072C  1283               	bcf	3,5	;RP0=0, select bank0
   427  072D  1303               	bcf	3,6	;RP1=0, select bank0
   428  072E  0185               	clrf	5	;volatile
   429  072F                     l667:
   430                           
   431                           ;D2_main0.c: 137:     PORTB = 0x00;
   432  072F  0186               	clrf	6	;volatile
   433  0730                     l669:
   434                           
   435                           ;D2_main0.c: 138:     PORTC = 0x00;
   436  0730  0187               	clrf	7	;volatile
   437  0731                     l671:
   438                           
   439                           ;D2_main0.c: 139:     PORTD = 0x00;
   440  0731  0188               	clrf	8	;volatile
   441  0732                     l673:
   442                           
   443                           ;D2_main0.c: 143:     OSCCONbits.IRCF2 = 1;
   444  0732  1683               	bsf	3,5	;RP0=1, select bank1
   445  0733  1303               	bcf	3,6	;RP1=0, select bank1
   446  0734  170F               	bsf	15,6	;volatile
   447  0735                     l675:
   448                           
   449                           ;D2_main0.c: 144:     OSCCONbits.IRCF1 = 1;
   450  0735  168F               	bsf	15,5	;volatile
   451  0736                     l677:
   452                           
   453                           ;D2_main0.c: 145:     OSCCONbits.IRCF0 = 1;
   454  0736  160F               	bsf	15,4	;volatile
   455  0737                     l679:
   456                           
   457                           ;D2_main0.c: 146:     OSCCONbits.SCS = 1;
   458  0737  140F               	bsf	15,0	;volatile
   459  0738                     l63:
   460  0738  0008               	return
   461  0739                     __end_of_setup:
   462                           
   463                           	psect	text2
   464  0765                     __ptext2:	
   465 ;; *************** function _semaforo *****************
   466 ;; Defined at:
   467 ;;		line 66 in file "D2_main0.c"
   468 ;; Parameters:    Size  Location     Type
   469 ;;		None
   470 ;; Auto vars:     Size  Location     Type
   471 ;;		None
   472 ;; Return value:  Size  Location     Type
   473 ;;                  1    wreg      void 
   474 ;; Registers used:
   475 ;;		wreg
   476 ;; Tracked objects:
   477 ;;		On entry : 0/0
   478 ;;		On exit  : 0/0
   479 ;;		Unchanged: 0/0
   480 ;; Data sizes:     COMMON   BANK0   BANK1   BANK3   BANK2
   481 ;;      Params:         0       0       0       0       0
   482 ;;      Locals:         0       0       0       0       0
   483 ;;      Temps:          3       0       0       0       0
   484 ;;      Totals:         3       0       0       0       0
   485 ;;Total ram usage:        3 bytes
   486 ;; Hardware stack levels used:    1
   487 ;; This function calls:
   488 ;;		Nothing
   489 ;; This function is called by:
   490 ;;		_main
   491 ;; This function uses a non-reentrant model
   492 ;;
   493                           
   494                           
   495                           ;psect for function _semaforo
   496  0765                     _semaforo:
   497  0765                     l681:	
   498                           ;incstack = 0
   499                           ; Regs used in _semaforo: [wreg]
   500                           
   501                           
   502                           ;D2_main0.c: 68:     _delay((unsigned long)((500)*(8000000/4000.0)));
   503  0765  3006               	movlw	6
   504  0766  00F2               	movwf	??_semaforo+2
   505  0767  3013               	movlw	19
   506  0768  00F1               	movwf	??_semaforo+1
   507  0769  30AD               	movlw	173
   508  076A  00F0               	movwf	??_semaforo
   509  076B                     u207:
   510  076B  0BF0               	decfsz	??_semaforo,f
   511  076C  2F6B               	goto	u207
   512  076D  0BF1               	decfsz	??_semaforo+1,f
   513  076E  2F6B               	goto	u207
   514  076F  0BF2               	decfsz	??_semaforo+2,f
   515  0770  2F6B               	goto	u207
   516  0771  2F72               	nop2
   517  0772                     l683:
   518                           
   519                           ;D2_main0.c: 69:     PORTAbits.RA3 = 1;
   520  0772  1283               	bcf	3,5	;RP0=0, select bank0
   521  0773  1303               	bcf	3,6	;RP1=0, select bank0
   522  0774  1585               	bsf	5,3	;volatile
   523                           
   524                           ;D2_main0.c: 71:     _delay((unsigned long)((500)*(8000000/4000.0)));
   525  0775  3006               	movlw	6
   526  0776  00F2               	movwf	??_semaforo+2
   527  0777  3013               	movlw	19
   528  0778  00F1               	movwf	??_semaforo+1
   529  0779  30AD               	movlw	173
   530  077A  00F0               	movwf	??_semaforo
   531  077B                     u217:
   532  077B  0BF0               	decfsz	??_semaforo,f
   533  077C  2F7B               	goto	u217
   534  077D  0BF1               	decfsz	??_semaforo+1,f
   535  077E  2F7B               	goto	u217
   536  077F  0BF2               	decfsz	??_semaforo+2,f
   537  0780  2F7B               	goto	u217
   538  0781  2F82               	nop2
   539  0782                     l685:
   540                           
   541                           ;D2_main0.c: 72:     PORTAbits.RA3 = 0;
   542  0782  1283               	bcf	3,5	;RP0=0, select bank0
   543  0783  1303               	bcf	3,6	;RP1=0, select bank0
   544  0784  1185               	bcf	5,3	;volatile
   545  0785                     l687:
   546                           
   547                           ;D2_main0.c: 74:     PORTAbits.RA4 = 1;
   548  0785  1605               	bsf	5,4	;volatile
   549                           
   550                           ;D2_main0.c: 75:     _delay((unsigned long)((500)*(8000000/4000.0)));
   551  0786  3006               	movlw	6
   552  0787  00F2               	movwf	??_semaforo+2
   553  0788  3013               	movlw	19
   554  0789  00F1               	movwf	??_semaforo+1
   555  078A  30AD               	movlw	173
   556  078B  00F0               	movwf	??_semaforo
   557  078C                     u227:
   558  078C  0BF0               	decfsz	??_semaforo,f
   559  078D  2F8C               	goto	u227
   560  078E  0BF1               	decfsz	??_semaforo+1,f
   561  078F  2F8C               	goto	u227
   562  0790  0BF2               	decfsz	??_semaforo+2,f
   563  0791  2F8C               	goto	u227
   564  0792  2F93               	nop2
   565  0793                     l689:
   566                           
   567                           ;D2_main0.c: 76:     PORTAbits.RA4 = 0;
   568  0793  1283               	bcf	3,5	;RP0=0, select bank0
   569  0794  1303               	bcf	3,6	;RP1=0, select bank0
   570  0795  1205               	bcf	5,4	;volatile
   571  0796                     l691:
   572                           
   573                           ;D2_main0.c: 78:     PORTAbits.RA5 = 1;
   574  0796  1685               	bsf	5,5	;volatile
   575                           
   576                           ;D2_main0.c: 79:     _delay((unsigned long)((500)*(8000000/4000.0)));
   577  0797  3006               	movlw	6
   578  0798  00F2               	movwf	??_semaforo+2
   579  0799  3013               	movlw	19
   580  079A  00F1               	movwf	??_semaforo+1
   581  079B  30AD               	movlw	173
   582  079C  00F0               	movwf	??_semaforo
   583  079D                     u237:
   584  079D  0BF0               	decfsz	??_semaforo,f
   585  079E  2F9D               	goto	u237
   586  079F  0BF1               	decfsz	??_semaforo+1,f
   587  07A0  2F9D               	goto	u237
   588  07A1  0BF2               	decfsz	??_semaforo+2,f
   589  07A2  2F9D               	goto	u237
   590  07A3  2FA4               	nop2
   591  07A4                     l693:
   592                           
   593                           ;D2_main0.c: 80:     PORTAbits.RA5 = 0;
   594  07A4  1283               	bcf	3,5	;RP0=0, select bank0
   595  07A5  1303               	bcf	3,6	;RP1=0, select bank0
   596  07A6  1285               	bcf	5,5	;volatile
   597  07A7                     l47:
   598  07A7  0008               	return
   599  07A8                     __end_of_semaforo:
   600                           
   601                           	psect	text3
   602  07A8                     __ptext3:	
   603 ;; *************** function _juego_carrera *****************
   604 ;; Defined at:
   605 ;;		line 84 in file "D2_main0.c"
   606 ;; Parameters:    Size  Location     Type
   607 ;;  var             2    0[COMMON] unsigned int 
   608 ;; Auto vars:     Size  Location     Type
   609 ;;		None
   610 ;; Return value:  Size  Location     Type
   611 ;;                  2    0[COMMON] int 
   612 ;; Registers used:
   613 ;;		wreg, status,2, status,0
   614 ;; Tracked objects:
   615 ;;		On entry : 0/0
   616 ;;		On exit  : 0/0
   617 ;;		Unchanged: 0/0
   618 ;; Data sizes:     COMMON   BANK0   BANK1   BANK3   BANK2
   619 ;;      Params:         2       0       0       0       0
   620 ;;      Locals:         0       0       0       0       0
   621 ;;      Temps:          3       0       0       0       0
   622 ;;      Totals:         5       0       0       0       0
   623 ;;Total ram usage:        5 bytes
   624 ;; Hardware stack levels used:    1
   625 ;; This function calls:
   626 ;;		Nothing
   627 ;; This function is called by:
   628 ;;		_main
   629 ;; This function uses a non-reentrant model
   630 ;;
   631                           
   632                           
   633                           ;psect for function _juego_carrera
   634  07A8                     _juego_carrera:
   635  07A8                     l731:	
   636                           ;incstack = 0
   637                           ; Regs used in _juego_carrera: [wreg+status,2+status,0]
   638                           
   639                           
   640                           ;D2_main0.c: 86:     if (var == 1) {
   641  07A8  0370               	decf	juego_carrera@var,w
   642  07A9  0471               	iorwf	juego_carrera@var+1,w
   643  07AA  1D03               	btfss	3,2
   644  07AB  2FAD               	goto	u101
   645  07AC  2FAE               	goto	u100
   646  07AD                     u101:
   647  07AD  2FFB               	goto	l60
   648  07AE                     u100:
   649  07AE                     l51:	
   650                           ;D2_main0.c: 87:         while (1) {
   651                           
   652                           
   653                           ;D2_main0.c: 88:             if (PORTAbits.RA1 == 0) {
   654  07AE  1283               	bcf	3,5	;RP0=0, select bank0
   655  07AF  1303               	bcf	3,6	;RP1=0, select bank0
   656  07B0  1885               	btfsc	5,1	;volatile
   657  07B1  2FB3               	goto	u111
   658  07B2  2FB4               	goto	u110
   659  07B3                     u111:
   660  07B3  2FD5               	goto	l52
   661  07B4                     u110:
   662  07B4                     l733:
   663                           
   664                           ;D2_main0.c: 89:                 _delay((unsigned long)((100)*(8000000/4000.0)));
   665  07B4  3002               	movlw	2
   666  07B5  00F4               	movwf	??_juego_carrera+2
   667  07B6  3004               	movlw	4
   668  07B7  00F3               	movwf	??_juego_carrera+1
   669  07B8  30BA               	movlw	186
   670  07B9  00F2               	movwf	??_juego_carrera
   671  07BA                     u247:
   672  07BA  0BF2               	decfsz	??_juego_carrera,f
   673  07BB  2FBA               	goto	u247
   674  07BC  0BF3               	decfsz	??_juego_carrera+1,f
   675  07BD  2FBA               	goto	u247
   676  07BE  0BF4               	decfsz	??_juego_carrera+2,f
   677  07BF  2FBA               	goto	u247
   678  07C0  0000               	nop
   679  07C1                     l735:
   680                           
   681                           ;D2_main0.c: 91:             if (PORTAbits.RA1 == 1) {
   682  07C1  1283               	bcf	3,5	;RP0=0, select bank0
   683  07C2  1303               	bcf	3,6	;RP1=0, select bank0
   684  07C3  1C85               	btfss	5,1	;volatile
   685  07C4  2FC6               	goto	u121
   686  07C5  2FC7               	goto	u120
   687  07C6                     u121:
   688  07C6  2FD5               	goto	l52
   689  07C7                     u120:
   690  07C7                     l737:
   691                           
   692                           ;D2_main0.c: 92:                 PORTC ++;
   693  07C7  3001               	movlw	1
   694  07C8  00F2               	movwf	??_juego_carrera
   695  07C9  0872               	movf	??_juego_carrera,w
   696  07CA  0787               	addwf	7,f	;volatile
   697                           
   698                           ;D2_main0.c: 94:             if (PORTC == 0b11111111) {
   699  07CB  0A07               	incf	7,w	;volatile
   700  07CC  1D03               	btfss	3,2
   701  07CD  2FCF               	goto	u131
   702  07CE  2FD0               	goto	u130
   703  07CF                     u131:
   704  07CF  2FD5               	goto	l52
   705  07D0                     u130:
   706  07D0                     l739:
   707                           
   708                           ;D2_main0.c: 95:                 PORTB = 0b00000110;
   709  07D0  3006               	movlw	6
   710  07D1  0086               	movwf	6	;volatile
   711  07D2                     l741:
   712                           
   713                           ;D2_main0.c: 96:                 PORTBbits.RB7 = 1;
   714  07D2  1786               	bsf	6,7	;volatile
   715  07D3                     l743:
   716                           
   717                           ;D2_main0.c: 97:                 PORTAbits.RA6 = 1;
   718  07D3  1705               	bsf	5,6	;volatile
   719                           
   720                           ;D2_main0.c: 98:                 break;
   721  07D4  2FFB               	goto	l60
   722  07D5                     l52:	
   723                           ;D2_main0.c: 101:         }
   724                           
   725                           
   726                           ;D2_main0.c: 103:             if (PORTAbits.RA2 == 0) {
   727  07D5  1905               	btfsc	5,2	;volatile
   728  07D6  2FD8               	goto	u141
   729  07D7  2FD9               	goto	u140
   730  07D8                     u141:
   731  07D8  2FAE               	goto	l51
   732  07D9                     u140:
   733  07D9                     l745:
   734                           
   735                           ;D2_main0.c: 104:                 _delay((unsigned long)((100)*(8000000/4000.0)));
   736  07D9  3002               	movlw	2
   737  07DA  00F4               	movwf	??_juego_carrera+2
   738  07DB  3004               	movlw	4
   739  07DC  00F3               	movwf	??_juego_carrera+1
   740  07DD  30BA               	movlw	186
   741  07DE  00F2               	movwf	??_juego_carrera
   742  07DF                     u257:
   743  07DF  0BF2               	decfsz	??_juego_carrera,f
   744  07E0  2FDF               	goto	u257
   745  07E1  0BF3               	decfsz	??_juego_carrera+1,f
   746  07E2  2FDF               	goto	u257
   747  07E3  0BF4               	decfsz	??_juego_carrera+2,f
   748  07E4  2FDF               	goto	u257
   749  07E5  0000               	nop
   750  07E6                     l747:
   751                           
   752                           ;D2_main0.c: 106:             if (PORTAbits.RA2 == 1) {
   753  07E6  1283               	bcf	3,5	;RP0=0, select bank0
   754  07E7  1303               	bcf	3,6	;RP1=0, select bank0
   755  07E8  1D05               	btfss	5,2	;volatile
   756  07E9  2FEB               	goto	u151
   757  07EA  2FEC               	goto	u150
   758  07EB                     u151:
   759  07EB  2FAE               	goto	l51
   760  07EC                     u150:
   761  07EC                     l749:
   762                           
   763                           ;D2_main0.c: 107:                 PORTD ++;
   764  07EC  3001               	movlw	1
   765  07ED  00F2               	movwf	??_juego_carrera
   766  07EE  0872               	movf	??_juego_carrera,w
   767  07EF  0788               	addwf	8,f	;volatile
   768                           
   769                           ;D2_main0.c: 109:             if (PORTD == 0b11111111) {
   770  07F0  0A08               	incf	8,w	;volatile
   771  07F1  1D03               	btfss	3,2
   772  07F2  2FF4               	goto	u161
   773  07F3  2FF5               	goto	u160
   774  07F4                     u161:
   775  07F4  2FFA               	goto	l56
   776  07F5                     u160:
   777  07F5                     l751:
   778                           
   779                           ;D2_main0.c: 110:                 PORTB = 0b01011011;
   780  07F5  305B               	movlw	91
   781  07F6  0086               	movwf	6	;volatile
   782  07F7                     l753:
   783                           
   784                           ;D2_main0.c: 111:                 PORTBbits.RB7 = 1;
   785  07F7  1786               	bsf	6,7	;volatile
   786  07F8                     l755:
   787                           
   788                           ;D2_main0.c: 112:                 PORTAbits.RA7 = 1;
   789  07F8  1785               	bsf	5,7	;volatile
   790                           
   791                           ;D2_main0.c: 113:                 break;
   792  07F9  2FFB               	goto	l60
   793  07FA                     l56:	
   794                           ;D2_main0.c: 116:         }
   795                           
   796  07FA  2FAE               	goto	l51
   797  07FB                     l60:
   798  07FB  0008               	return
   799  07FC                     __end_of_juego_carrera:
   800  007E                     btemp	set	126	;btemp
   801  007E                     wtemp0	set	126
   802                           
   803                           	psect	config
   804                           
   805                           ;Config register CONFIG1 @ 0x2007
   806                           ;	Oscillator Selection bits
   807                           ;	FOSC = INTRC_NOCLKOUT, INTOSCIO oscillator: I/O function on RA6/OSC2/CLKOUT pin, I/O f
      +                          unction on RA7/OSC1/CLKIN
   808                           ;	Watchdog Timer Enable bit
   809                           ;	WDTE = OFF, WDT disabled and can be enabled by SWDTEN bit of the WDTCON register
   810                           ;	Power-up Timer Enable bit
   811                           ;	PWRTE = OFF, PWRT disabled
   812                           ;	RE3/MCLR pin function select bit
   813                           ;	MCLRE = OFF, RE3/MCLR pin function is digital input, MCLR internally tied to VDD
   814                           ;	Code Protection bit
   815                           ;	CP = OFF, Program memory code protection is disabled
   816                           ;	Data Code Protection bit
   817                           ;	CPD = OFF, Data memory code protection is disabled
   818                           ;	Brown Out Reset Selection bits
   819                           ;	BOREN = OFF, BOR disabled
   820                           ;	Internal External Switchover bit
   821                           ;	IESO = OFF, Internal/External Switchover mode is disabled
   822                           ;	Fail-Safe Clock Monitor Enabled bit
   823                           ;	FCMEN = OFF, Fail-Safe Clock Monitor is disabled
   824                           ;	Low Voltage Programming Enable bit
   825                           ;	LVP = OFF, RB3 pin has digital I/O, HV on MCLR must be used for programming
   826                           ;	In-Circuit Debugger Mode bit
   827                           ;	DEBUG = 0x1, unprogrammed default
   828  2007                     	org	8199
   829  2007  20D4               	dw	8404
   830                           
   831                           ;Config register CONFIG2 @ 0x2008
   832                           ;	Brown-out Reset Selection bit
   833                           ;	BOR4V = BOR40V, Brown-out Reset set to 4.0V
   834                           ;	Flash Program Memory Self Write Enable bits
   835                           ;	WRT = OFF, Write protection off
   836  2008                     	org	8200
   837  2008  3FFF               	dw	16383

Data Sizes:
    Strings     0
    Constant    0
    Data        0
    BSS         0
    Persistent  0
    Stack       0

Auto Spaces:
    Space          Size  Autos    Used
    COMMON           14      7       7
    BANK0            80      0       0
    BANK1            80      0       0
    BANK3            96      0       0
    BANK2            96      0       0

Pointer List with Targets:

    None.

Critical Paths under _main in COMMON

    _main->_juego_carrera

Critical Paths under _main in BANK0

    None.

Critical Paths under _main in BANK1

    None.

Critical Paths under _main in BANK3

    None.

Critical Paths under _main in BANK2

    None.

Call Graph Tables:

 ---------------------------------------------------------------------------------
 (Depth) Function   	        Calls       Base Space   Used Autos Params    Refs
 ---------------------------------------------------------------------------------
 (0) _main                                                 2     2      0      98
                                              5 COMMON     2     2      0
                      _juego_carrera
                           _semaforo
                              _setup
 ---------------------------------------------------------------------------------
 (1) _setup                                                0     0      0       0
 ---------------------------------------------------------------------------------
 (1) _semaforo                                             3     3      0       0
                                              0 COMMON     3     3      0
 ---------------------------------------------------------------------------------
 (1) _juego_carrera                                        5     3      2      98
                                              0 COMMON     5     3      2
 ---------------------------------------------------------------------------------
 Estimated maximum stack depth 1
 ---------------------------------------------------------------------------------

 Call Graph Graphs:

 _main (ROOT)
   _juego_carrera
   _semaforo
   _setup

 Address spaces:
Name               Size   Autos  Total    Cost      Usage
BITCOMMON            E      0       0       0        0.0%
EEDATA             100      0       0       0        0.0%
NULL                 0      0       0       0        0.0%
CODE                 0      0       0       0        0.0%
COMMON               E      7       7       1       50.0%
BITSFR0              0      0       0       1        0.0%
SFR0                 0      0       0       1        0.0%
BITSFR1              0      0       0       2        0.0%
SFR1                 0      0       0       2        0.0%
STACK                0      0       0       2        0.0%
ABS                  0      0       0       3        0.0%
BITBANK0            50      0       0       4        0.0%
BITSFR3              0      0       0       4        0.0%
SFR3                 0      0       0       4        0.0%
BANK0               50      0       0       5        0.0%
BITSFR2              0      0       0       5        0.0%
SFR2                 0      0       0       5        0.0%
BITBANK1            50      0       0       6        0.0%
BANK1               50      0       0       7        0.0%
BITBANK3            60      0       0       8        0.0%
BANK3               60      0       0       9        0.0%
BITBANK2            60      0       0      10        0.0%
BANK2               60      0       0      11        0.0%
DATA                 0      0       0      12        0.0%


Microchip Technology PIC Macro Assembler V2.31 build 20201012212115 
Symbol Table                                                                                   Tue Jul 13 16:26:18 2021

                     l51 07AE                       l52 07D5                       l60 07FB  
                     l47 07A7                       l63 0738                       l56 07FA  
                    l731 07A8                      l741 07D2                      l733 07B4  
                    l661 072A                      l751 07F5                      l743 07D3  
                    l735 07C1                      l671 0731                      l663 072B  
                    l655 0721                      l753 07F7                      l745 07D9  
                    l737 07C7                      l681 0765                      l673 0732  
                    l665 072C                      l657 0725                      l761 0744  
                    l755 07F8                      l747 07E6                      l739 07D0  
                    l691 0796                      l683 0772                      l675 0735  
                    l667 072F                      l659 0729                      l763 074D  
                    l749 07EC                      l693 07A4                      l685 0782  
                    l677 0736                      l669 0730                      l765 0753  
                    l757 0739                      l687 0785                      l679 0737  
                    l759 073E                      l689 0793                      u100 07AE  
                    u101 07AD                      u110 07B4                      u111 07B3  
                    u120 07C7                      u121 07C6                      u130 07D0  
                    u131 07CF                      u140 07D9                      u141 07D8  
                    u150 07EC                      u151 07EB                      u207 076B  
                    u160 07F5                      u161 07F4                      u217 077B  
                    u170 0744                      u227 078C                      u171 0743  
                    u180 0753                      u237 079D                      u181 0752  
                    u247 07BA                      u257 07DF                      u197 0748  
                   _main 0739                     btemp 007E                     start 0000  
                  ?_main 0070                    _ANSEL 0188                    _PORTA 0005  
                  _PORTB 0006                    _PORTC 0007                    _PORTD 0008  
                  _TRISA 0085                    _TRISB 0086                    _TRISC 0087  
                  _TRISD 0088                    _setup 0721                    status 0003  
                  wtemp0 007E          __initialization 07FC             __end_of_main 0765  
                 ??_main 0075                   ?_setup 0070                   _ANSELH 0189  
       __end_of_semaforo 07A8  __end_of__initialization 07FC           __pcstackCOMMON 0070  
          __end_of_setup 0739                  ??_setup 0070               __pmaintext 0739  
 __size_of_juego_carrera 0054                ?_semaforo 0070                  __ptext1 0721  
                __ptext2 0765                  __ptext3 07A8     end_of_initialization 07FC  
             ??_semaforo 0070            _juego_carrera 07A8                _PORTAbits 0005  
              _PORTBbits 0006           ?_juego_carrera 0070      start_initialization 07FC  
              ___latbits 0002          ??_juego_carrera 0072        __size_of_semaforo 0043  
       juego_carrera@var 0070           __size_of_setup 0018            __size_of_main 002C  
               _semaforo 0765               _OSCCONbits 008F    __end_of_juego_carrera 07FC  
