

Microchip MPLAB XC8 Assembler V2.31 build 20201012212115 
                                                                                               Thu Aug 12 12:34:47 2021

Microchip MPLAB XC8 C Compiler v2.31 (Free license) build 20201012212115 Og1 
     1                           	processor	16F887
     2                           	pagewidth 120
     3                           	opt	flic
     4                           	psect	cinit,global,class=CODE,merge=1,delta=2
     5                           	psect	bssCOMMON,global,class=COMMON,space=1,delta=1,noexec
     6                           	psect	cstackCOMMON,global,class=COMMON,space=1,delta=1,noexec
     7                           	psect	maintext,global,class=CODE,split=1,delta=2
     8                           	psect	text1,local,class=CODE,merge=1,delta=2
     9                           	psect	text2,local,class=CODE,merge=1,delta=2
    10                           	psect	text3,local,class=CODE,merge=1,delta=2
    11                           	psect	text4,local,class=CODE,merge=1,delta=2
    12                           	psect	intentry,global,class=CODE,delta=2
    13                           	psect	config,global,abs,ovrld,class=CONFIG,space=4,delta=2,noexec
    14                           	dabs	1,0x7E,2
    15  0000                     
    16                           ; Version 2.20
    17                           ; Generated 12/02/2020 GMT
    18                           ; 
    19                           ; Copyright © 2020, Microchip Technology Inc. and its subsidiaries ("Microchip")
    20                           ; All rights reserved.
    21                           ; 
    22                           ; This software is developed by Microchip Technology Inc. and its subsidiaries ("Microch
      +                          ip").
    23                           ; 
    24                           ; Redistribution and use in source and binary forms, with or without modification, are
    25                           ; permitted provided that the following conditions are met:
    26                           ; 
    27                           ;     1. Redistributions of source code must retain the above copyright notice, this lis
      +                          t of
    28                           ;        conditions and the following disclaimer.
    29                           ; 
    30                           ;     2. Redistributions in binary form must reproduce the above copyright notice, this 
      +                          list
    31                           ;        of conditions and the following disclaimer in the documentation and/or other
    32                           ;        materials provided with the distribution.
    33                           ; 
    34                           ;     3. Microchip's name may not be used to endorse or promote products derived from th
      +                          is
    35                           ;        software without specific prior written permission.
    36                           ; 
    37                           ; THIS SOFTWARE IS PROVIDED BY MICROCHIP "AS IS" AND ANY EXPRESS OR IMPLIED WARRANTIES,
    38                           ; INCLUDING, BUT NOT LIMITED TO, THE IMPLIED WARRANTIES OF MERCHANTABILITY AND FITNESS F
      +                          OR
    39                           ; PURPOSE ARE DISCLAIMED.  IN NO EVENT SHALL MICROCHIP BE LIABLE FOR ANY DIRECT, INDIREC
      +                          T,
    40                           ; INCIDENTAL, SPECIAL, EXEMPLARY, OR CONSEQUENTIAL DAMAGES (INCLUDING BUT NOT LIMITED TO
    41                           ; PROCUREMENT OF SUBSTITUTE GOODS OR SERVICES; LOSS OF USE, DATA OR PROFITS; OR BUSINESS
    42                           ; INTERRUPTION) HOWSOEVER CAUSED AND ON ANY THEORY OF LIABILITY, WHETHER IN CONTRACT, ST
      +                          RICT
    43                           ; LIABILITY, OR TORT (INCLUDING NEGLIGENCE OR OTHERWISE) ARISING IN ANY WAY OUT OF THE U
      +                          SE OF
    44                           ; THIS SOFTWARE, EVEN IF ADVISED OF THE POSSIBILITY OF SUCH DAMAGE.
    45                           ; 
    46                           ; 
    47                           ; Code-generator required, PIC16F887 Definitions
    48                           ; 
    49                           ; SFR Addresses
    50  0000                     	;# 
    51  0001                     	;# 
    52  0002                     	;# 
    53  0003                     	;# 
    54  0004                     	;# 
    55  0005                     	;# 
    56  0006                     	;# 
    57  0007                     	;# 
    58  0008                     	;# 
    59  0009                     	;# 
    60  000A                     	;# 
    61  000B                     	;# 
    62  000C                     	;# 
    63  000D                     	;# 
    64  000E                     	;# 
    65  000E                     	;# 
    66  000F                     	;# 
    67  0010                     	;# 
    68  0011                     	;# 
    69  0012                     	;# 
    70  0013                     	;# 
    71  0014                     	;# 
    72  0015                     	;# 
    73  0015                     	;# 
    74  0016                     	;# 
    75  0017                     	;# 
    76  0018                     	;# 
    77  0019                     	;# 
    78  001A                     	;# 
    79  001B                     	;# 
    80  001B                     	;# 
    81  001C                     	;# 
    82  001D                     	;# 
    83  001E                     	;# 
    84  001F                     	;# 
    85  0081                     	;# 
    86  0085                     	;# 
    87  0086                     	;# 
    88  0087                     	;# 
    89  0088                     	;# 
    90  0089                     	;# 
    91  008C                     	;# 
    92  008D                     	;# 
    93  008E                     	;# 
    94  008F                     	;# 
    95  0090                     	;# 
    96  0091                     	;# 
    97  0092                     	;# 
    98  0093                     	;# 
    99  0093                     	;# 
   100  0093                     	;# 
   101  0094                     	;# 
   102  0095                     	;# 
   103  0096                     	;# 
   104  0097                     	;# 
   105  0098                     	;# 
   106  0099                     	;# 
   107  009A                     	;# 
   108  009B                     	;# 
   109  009C                     	;# 
   110  009D                     	;# 
   111  009E                     	;# 
   112  009F                     	;# 
   113  0105                     	;# 
   114  0107                     	;# 
   115  0108                     	;# 
   116  0109                     	;# 
   117  010C                     	;# 
   118  010C                     	;# 
   119  010D                     	;# 
   120  010E                     	;# 
   121  010F                     	;# 
   122  0185                     	;# 
   123  0187                     	;# 
   124  0188                     	;# 
   125  0189                     	;# 
   126  018C                     	;# 
   127  018D                     	;# 
   128  0000                     	;# 
   129  0001                     	;# 
   130  0002                     	;# 
   131  0003                     	;# 
   132  0004                     	;# 
   133  0005                     	;# 
   134  0006                     	;# 
   135  0007                     	;# 
   136  0008                     	;# 
   137  0009                     	;# 
   138  000A                     	;# 
   139  000B                     	;# 
   140  000C                     	;# 
   141  000D                     	;# 
   142  000E                     	;# 
   143  000E                     	;# 
   144  000F                     	;# 
   145  0010                     	;# 
   146  0011                     	;# 
   147  0012                     	;# 
   148  0013                     	;# 
   149  0014                     	;# 
   150  0015                     	;# 
   151  0015                     	;# 
   152  0016                     	;# 
   153  0017                     	;# 
   154  0018                     	;# 
   155  0019                     	;# 
   156  001A                     	;# 
   157  001B                     	;# 
   158  001B                     	;# 
   159  001C                     	;# 
   160  001D                     	;# 
   161  001E                     	;# 
   162  001F                     	;# 
   163  0081                     	;# 
   164  0085                     	;# 
   165  0086                     	;# 
   166  0087                     	;# 
   167  0088                     	;# 
   168  0089                     	;# 
   169  008C                     	;# 
   170  008D                     	;# 
   171  008E                     	;# 
   172  008F                     	;# 
   173  0090                     	;# 
   174  0091                     	;# 
   175  0092                     	;# 
   176  0093                     	;# 
   177  0093                     	;# 
   178  0093                     	;# 
   179  0094                     	;# 
   180  0095                     	;# 
   181  0096                     	;# 
   182  0097                     	;# 
   183  0098                     	;# 
   184  0099                     	;# 
   185  009A                     	;# 
   186  009B                     	;# 
   187  009C                     	;# 
   188  009D                     	;# 
   189  009E                     	;# 
   190  009F                     	;# 
   191  0105                     	;# 
   192  0107                     	;# 
   193  0108                     	;# 
   194  0109                     	;# 
   195  010C                     	;# 
   196  010C                     	;# 
   197  010D                     	;# 
   198  010E                     	;# 
   199  010F                     	;# 
   200  0185                     	;# 
   201  0187                     	;# 
   202  0188                     	;# 
   203  0189                     	;# 
   204  018C                     	;# 
   205  018D                     	;# 
   206  0000                     	;# 
   207  0001                     	;# 
   208  0002                     	;# 
   209  0003                     	;# 
   210  0004                     	;# 
   211  0005                     	;# 
   212  0006                     	;# 
   213  0007                     	;# 
   214  0008                     	;# 
   215  0009                     	;# 
   216  000A                     	;# 
   217  000B                     	;# 
   218  000C                     	;# 
   219  000D                     	;# 
   220  000E                     	;# 
   221  000E                     	;# 
   222  000F                     	;# 
   223  0010                     	;# 
   224  0011                     	;# 
   225  0012                     	;# 
   226  0013                     	;# 
   227  0014                     	;# 
   228  0015                     	;# 
   229  0015                     	;# 
   230  0016                     	;# 
   231  0017                     	;# 
   232  0018                     	;# 
   233  0019                     	;# 
   234  001A                     	;# 
   235  001B                     	;# 
   236  001B                     	;# 
   237  001C                     	;# 
   238  001D                     	;# 
   239  001E                     	;# 
   240  001F                     	;# 
   241  0081                     	;# 
   242  0085                     	;# 
   243  0086                     	;# 
   244  0087                     	;# 
   245  0088                     	;# 
   246  0089                     	;# 
   247  008C                     	;# 
   248  008D                     	;# 
   249  008E                     	;# 
   250  008F                     	;# 
   251  0090                     	;# 
   252  0091                     	;# 
   253  0092                     	;# 
   254  0093                     	;# 
   255  0093                     	;# 
   256  0093                     	;# 
   257  0094                     	;# 
   258  0095                     	;# 
   259  0096                     	;# 
   260  0097                     	;# 
   261  0098                     	;# 
   262  0099                     	;# 
   263  009A                     	;# 
   264  009B                     	;# 
   265  009C                     	;# 
   266  009D                     	;# 
   267  009E                     	;# 
   268  009F                     	;# 
   269  0105                     	;# 
   270  0107                     	;# 
   271  0108                     	;# 
   272  0109                     	;# 
   273  010C                     	;# 
   274  010C                     	;# 
   275  010D                     	;# 
   276  010E                     	;# 
   277  010F                     	;# 
   278  0185                     	;# 
   279  0187                     	;# 
   280  0188                     	;# 
   281  0189                     	;# 
   282  018C                     	;# 
   283  018D                     	;# 
   284  0014                     _SSPCON	set	20
   285  0009                     _PORTE	set	9
   286  0007                     _PORTC	set	7
   287  0006                     _PORTB	set	6
   288  0008                     _PORTD	set	8
   289  0005                     _PORTA	set	5
   290  0013                     _SSPBUF	set	19
   291  0014                     _SSPCONbits	set	20
   292  000C                     _PIR1bits	set	12
   293  000B                     _INTCONbits	set	11
   294  0006                     _PORTBbits	set	6
   295  0063                     _SSPIF	set	99
   296  005E                     _PEIE	set	94
   297  005F                     _GIE	set	95
   298  0058                     _RBIF	set	88
   299  0091                     _SSPCON2bits	set	145
   300  0087                     _TRISCbits	set	135
   301  0094                     _SSPSTAT	set	148
   302  0093                     _SSPADD	set	147
   303  0091                     _SSPCON2	set	145
   304  008C                     _PIE1bits	set	140
   305  008F                     _OSCCONbits	set	143
   306  0096                     _IOCBbits	set	150
   307  0095                     _WPUB	set	149
   308  0081                     _OPTION_REGbits	set	129
   309  0088                     _TRISDbits	set	136
   310  0086                     _TRISBbits	set	134
   311  0094                     _SSPSTATbits	set	148
   312  0463                     _SSPIE	set	1123
   313  043C                     _TRISC4	set	1084
   314  043B                     _TRISC3	set	1083
   315  04A0                     _BF	set	1184
   316  0189                     _ANSELH	set	393
   317  0188                     _ANSEL	set	392
   318                           
   319                           	psect	cinit
   320  000F                     start_initialization:	
   321                           ; #config settings
   322                           
   323  000F                     __initialization:
   324                           
   325                           ; Clear objects allocated to COMMON
   326  000F  01F4               	clrf	__pbssCOMMON& (0+127)
   327  0010  01F5               	clrf	(__pbssCOMMON+1)& (0+127)
   328  0011                     end_of_initialization:	
   329                           ;End of C runtime variable initialization code
   330                           
   331  0011                     __end_of__initialization:
   332  0011  0183               	clrf	3
   333  0012  120A  118A  28D6   	ljmp	_main	;jump to C main() function
   334                           
   335                           	psect	bssCOMMON
   336  0074                     __pbssCOMMON:
   337  0074                     _counter:
   338  0074                     	ds	1
   339  0075                     _z:
   340  0075                     	ds	1
   341                           
   342                           	psect	cstackCOMMON
   343  0070                     __pcstackCOMMON:
   344  0070                     ?_setup:
   345  0070                     ?_contador:	
   346                           ; 1 bytes @ 0x0
   347                           
   348  0070                     ?_I2C_Slave_Init:	
   349                           ; 1 bytes @ 0x0
   350                           
   351  0070                     ?_isr:	
   352                           ; 1 bytes @ 0x0
   353                           
   354  0070                     ??_isr:	
   355                           ; 1 bytes @ 0x0
   356                           
   357  0070                     ?_main:	
   358                           ; 1 bytes @ 0x0
   359                           
   360                           
   361                           ; 1 bytes @ 0x0
   362  0070                     	ds	3
   363  0073                     ??_contador:
   364  0073                     ??_I2C_Slave_Init:	
   365                           ; 1 bytes @ 0x3
   366                           
   367  0073                     I2C_Slave_Init@address:	
   368                           ; 1 bytes @ 0x3
   369                           
   370                           
   371                           ; 1 bytes @ 0x3
   372  0073                     	ds	1
   373  0074                     ??_setup:
   374  0074                     ??_main:	
   375                           ; 1 bytes @ 0x4
   376                           
   377                           
   378                           	psect	maintext
   379  00D6                     __pmaintext:	
   380                           ; 1 bytes @ 0x4
   381 ;;
   382 ;;Main: autosize = 0, tempsize = 0, incstack = 0, save=0
   383 ;;
   384 ;; *************** function _main *****************
   385 ;; Defined at:
   386 ;;		line 105 in file "D2_main4S2.c"
   387 ;; Parameters:    Size  Location     Type
   388 ;;		None
   389 ;; Auto vars:     Size  Location     Type
   390 ;;		None
   391 ;; Return value:  Size  Location     Type
   392 ;;                  1    wreg      void 
   393 ;; Registers used:
   394 ;;		wreg, status,2, status,0, pclath, cstack
   395 ;; Tracked objects:
   396 ;;		On entry : B00/0
   397 ;;		On exit  : 0/0
   398 ;;		Unchanged: 0/0
   399 ;; Data sizes:     COMMON   BANK0   BANK1   BANK3   BANK2
   400 ;;      Params:         0       0       0       0       0
   401 ;;      Locals:         0       0       0       0       0
   402 ;;      Temps:          0       0       0       0       0
   403 ;;      Totals:         0       0       0       0       0
   404 ;;Total ram usage:        0 bytes
   405 ;; Hardware stack levels required when called:    3
   406 ;; This function calls:
   407 ;;		_contador
   408 ;;		_setup
   409 ;; This function is called by:
   410 ;;		Startup code after reset
   411 ;; This function uses a non-reentrant model
   412 ;;
   413                           
   414                           
   415                           ;psect for function _main
   416  00D6                     _main:
   417  00D6                     l854:	
   418                           ;incstack = 0
   419                           ; Regs used in _main: [wreg+status,2+status,0+pclath+cstack]
   420                           
   421                           
   422                           ;D2_main4S2.c: 106:     setup();
   423  00D6  120A  118A  208F  120A  118A  	fcall	_setup
   424  00DB                     l82:	
   425                           ;D2_main4S2.c: 110:     while(1) {
   426                           
   427                           
   428                           ;D2_main4S2.c: 112:         contador();
   429  00DB  120A  118A  20E4  120A  118A  	fcall	_contador
   430  00E0  28DB               	goto	l82
   431  00E1  120A  118A  280C   	ljmp	start
   432  00E4                     __end_of_main:
   433                           
   434                           	psect	text1
   435  008F                     __ptext1:	
   436 ;; *************** function _setup *****************
   437 ;; Defined at:
   438 ;;		line 130 in file "D2_main4S2.c"
   439 ;; Parameters:    Size  Location     Type
   440 ;;		None
   441 ;; Auto vars:     Size  Location     Type
   442 ;;		None
   443 ;; Return value:  Size  Location     Type
   444 ;;                  1    wreg      void 
   445 ;; Registers used:
   446 ;;		wreg, status,2, status,0, pclath, cstack
   447 ;; Tracked objects:
   448 ;;		On entry : 0/0
   449 ;;		On exit  : 0/0
   450 ;;		Unchanged: 0/0
   451 ;; Data sizes:     COMMON   BANK0   BANK1   BANK3   BANK2
   452 ;;      Params:         0       0       0       0       0
   453 ;;      Locals:         0       0       0       0       0
   454 ;;      Temps:          0       0       0       0       0
   455 ;;      Totals:         0       0       0       0       0
   456 ;;Total ram usage:        0 bytes
   457 ;; Hardware stack levels used:    1
   458 ;; Hardware stack levels required when called:    2
   459 ;; This function calls:
   460 ;;		_I2C_Slave_Init
   461 ;; This function is called by:
   462 ;;		_main
   463 ;; This function uses a non-reentrant model
   464 ;;
   465                           
   466                           
   467                           ;psect for function _setup
   468  008F                     _setup:
   469  008F                     l754:	
   470                           ;incstack = 0
   471                           ; Regs used in _setup: [wreg+status,2+status,0+pclath+cstack]
   472                           
   473                           
   474                           ;D2_main4S2.c: 131:     ANSEL = 0b00000000;
   475  008F  1683               	bsf	3,5	;RP0=1, select bank3
   476  0090  1703               	bsf	3,6	;RP1=1, select bank3
   477  0091  0188               	clrf	8	;volatile
   478                           
   479                           ;D2_main4S2.c: 132:     ANSELH = 0;
   480  0092  0189               	clrf	9	;volatile
   481  0093                     l756:
   482                           
   483                           ;D2_main4S2.c: 134:     TRISBbits.TRISB0 = 1;
   484  0093  1683               	bsf	3,5	;RP0=1, select bank1
   485  0094  1303               	bcf	3,6	;RP1=0, select bank1
   486  0095  1406               	bsf	6,0	;volatile
   487  0096                     l758:
   488                           
   489                           ;D2_main4S2.c: 135:     TRISBbits.TRISB1 = 1;
   490  0096  1486               	bsf	6,1	;volatile
   491  0097                     l760:
   492                           
   493                           ;D2_main4S2.c: 137:     TRISDbits.TRISD0 = 0;
   494  0097  1008               	bcf	8,0	;volatile
   495  0098                     l762:
   496                           
   497                           ;D2_main4S2.c: 138:     TRISDbits.TRISD1 = 0;
   498  0098  1088               	bcf	8,1	;volatile
   499  0099                     l764:
   500                           
   501                           ;D2_main4S2.c: 139:     TRISDbits.TRISD2 = 0;
   502  0099  1108               	bcf	8,2	;volatile
   503  009A                     l766:
   504                           
   505                           ;D2_main4S2.c: 140:     TRISDbits.TRISD3 = 0;
   506  009A  1188               	bcf	8,3	;volatile
   507                           
   508                           ;D2_main4S2.c: 144:     PORTA = 0x00;
   509  009B  1283               	bcf	3,5	;RP0=0, select bank0
   510  009C  1303               	bcf	3,6	;RP1=0, select bank0
   511  009D  0185               	clrf	5	;volatile
   512                           
   513                           ;D2_main4S2.c: 145:     PORTB = 0x00;
   514  009E  0186               	clrf	6	;volatile
   515                           
   516                           ;D2_main4S2.c: 146:     PORTC = 0x00;
   517  009F  0187               	clrf	7	;volatile
   518                           
   519                           ;D2_main4S2.c: 147:     PORTD = 0x00;
   520  00A0  0188               	clrf	8	;volatile
   521                           
   522                           ;D2_main4S2.c: 148:     PORTE = 0x00;
   523  00A1  0189               	clrf	9	;volatile
   524  00A2                     l768:
   525                           
   526                           ;D2_main4S2.c: 152:     OPTION_REGbits.nRBPU = 0;
   527  00A2  1683               	bsf	3,5	;RP0=1, select bank1
   528  00A3  1303               	bcf	3,6	;RP1=0, select bank1
   529  00A4  1381               	bcf	1,7	;volatile
   530  00A5                     l770:
   531                           
   532                           ;D2_main4S2.c: 153:     WPUB = 0b00000011;
   533  00A5  3003               	movlw	3
   534  00A6  0095               	movwf	21	;volatile
   535  00A7                     l772:
   536                           
   537                           ;D2_main4S2.c: 154:     IOCBbits.IOCB0 = 1;
   538  00A7  1416               	bsf	22,0	;volatile
   539  00A8                     l774:
   540                           
   541                           ;D2_main4S2.c: 155:     IOCBbits.IOCB1 = 1;
   542  00A8  1496               	bsf	22,1	;volatile
   543  00A9                     l776:
   544                           
   545                           ;D2_main4S2.c: 159:     OSCCONbits.IRCF0 = 0;
   546  00A9  120F               	bcf	15,4	;volatile
   547  00AA                     l778:
   548                           
   549                           ;D2_main4S2.c: 160:     OSCCONbits.IRCF1 = 1;
   550  00AA  168F               	bsf	15,5	;volatile
   551  00AB                     l780:
   552                           
   553                           ;D2_main4S2.c: 161:     OSCCONbits.IRCF2 = 1;
   554  00AB  170F               	bsf	15,6	;volatile
   555  00AC                     l782:
   556                           
   557                           ;D2_main4S2.c: 162:     OSCCONbits.SCS = 1;
   558  00AC  140F               	bsf	15,0	;volatile
   559  00AD                     l784:
   560                           
   561                           ;D2_main4S2.c: 166:     PIE1bits.ADIE = 1;
   562  00AD  170C               	bsf	12,6	;volatile
   563  00AE                     l786:
   564                           
   565                           ;D2_main4S2.c: 167:     PIR1bits.ADIF = 0;
   566  00AE  1283               	bcf	3,5	;RP0=0, select bank0
   567  00AF  1303               	bcf	3,6	;RP1=0, select bank0
   568  00B0  130C               	bcf	12,6	;volatile
   569  00B1                     l788:
   570                           
   571                           ;D2_main4S2.c: 168:     INTCONbits.GIE = 1;
   572  00B1  178B               	bsf	11,7	;volatile
   573  00B2                     l790:
   574                           
   575                           ;D2_main4S2.c: 169:     INTCONbits.PEIE = 1;
   576  00B2  170B               	bsf	11,6	;volatile
   577  00B3                     l792:
   578                           
   579                           ;D2_main4S2.c: 170:     INTCONbits.RBIF = 1;
   580  00B3  140B               	bsf	11,0	;volatile
   581  00B4                     l794:
   582                           
   583                           ;D2_main4S2.c: 171:     INTCONbits.RBIE = 1;
   584  00B4  158B               	bsf	11,3	;volatile
   585  00B5                     l796:
   586                           
   587                           ;D2_main4S2.c: 174:     I2C_Slave_Init(0x90);
   588  00B5  3090               	movlw	144
   589  00B6  120A  118A  20BC  120A  118A  	fcall	_I2C_Slave_Init
   590  00BB                     l93:
   591  00BB  0008               	return
   592  00BC                     __end_of_setup:
   593                           
   594                           	psect	text2
   595  00BC                     __ptext2:	
   596 ;; *************** function _I2C_Slave_Init *****************
   597 ;; Defined at:
   598 ;;		line 75 in file "I2C.c"
   599 ;; Parameters:    Size  Location     Type
   600 ;;  address         1    wreg     unsigned char 
   601 ;; Auto vars:     Size  Location     Type
   602 ;;  address         1    3[COMMON] unsigned char 
   603 ;; Return value:  Size  Location     Type
   604 ;;                  1    wreg      void 
   605 ;; Registers used:
   606 ;;		wreg
   607 ;; Tracked objects:
   608 ;;		On entry : 0/0
   609 ;;		On exit  : 0/0
   610 ;;		Unchanged: 0/0
   611 ;; Data sizes:     COMMON   BANK0   BANK1   BANK3   BANK2
   612 ;;      Params:         0       0       0       0       0
   613 ;;      Locals:         1       0       0       0       0
   614 ;;      Temps:          0       0       0       0       0
   615 ;;      Totals:         1       0       0       0       0
   616 ;;Total ram usage:        1 bytes
   617 ;; Hardware stack levels used:    1
   618 ;; Hardware stack levels required when called:    1
   619 ;; This function calls:
   620 ;;		Nothing
   621 ;; This function is called by:
   622 ;;		_setup
   623 ;; This function uses a non-reentrant model
   624 ;;
   625                           
   626                           
   627                           ;psect for function _I2C_Slave_Init
   628  00BC                     _I2C_Slave_Init:
   629                           
   630                           ;incstack = 0
   631                           ; Regs used in _I2C_Slave_Init: [wreg]
   632                           ;I2C_Slave_Init@address stored from wreg
   633  00BC  00F3               	movwf	I2C_Slave_Init@address
   634  00BD                     l740:
   635                           
   636                           ;I2C.c: 77:     SSPADD = address;
   637  00BD  0873               	movf	I2C_Slave_Init@address,w
   638  00BE  1683               	bsf	3,5	;RP0=1, select bank1
   639  00BF  1303               	bcf	3,6	;RP1=0, select bank1
   640  00C0  0093               	movwf	19	;volatile
   641                           
   642                           ;I2C.c: 78:     SSPCON = 0x36;
   643  00C1  3036               	movlw	54
   644  00C2  1283               	bcf	3,5	;RP0=0, select bank0
   645  00C3  1303               	bcf	3,6	;RP1=0, select bank0
   646  00C4  0094               	movwf	20	;volatile
   647                           
   648                           ;I2C.c: 79:     SSPSTAT = 0x80;
   649  00C5  3080               	movlw	128
   650  00C6  1683               	bsf	3,5	;RP0=1, select bank1
   651  00C7  1303               	bcf	3,6	;RP1=0, select bank1
   652  00C8  0094               	movwf	20	;volatile
   653                           
   654                           ;I2C.c: 80:     SSPCON2 = 0x01;
   655  00C9  3001               	movlw	1
   656  00CA  0091               	movwf	17	;volatile
   657  00CB                     l742:
   658                           
   659                           ;I2C.c: 81:     TRISC3 = 1;
   660  00CB  1587               	bsf	7,3	;volatile
   661  00CC                     l744:
   662                           
   663                           ;I2C.c: 82:     TRISC4 = 1;
   664  00CC  1607               	bsf	7,4	;volatile
   665  00CD                     l746:
   666                           
   667                           ;I2C.c: 83:     GIE = 1;
   668  00CD  178B               	bsf	11,7	;volatile
   669  00CE                     l748:
   670                           
   671                           ;I2C.c: 84:     PEIE = 1;
   672  00CE  170B               	bsf	11,6	;volatile
   673  00CF                     l750:
   674                           
   675                           ;I2C.c: 85:     SSPIF = 0;
   676  00CF  1283               	bcf	3,5	;RP0=0, select bank0
   677  00D0  1303               	bcf	3,6	;RP1=0, select bank0
   678  00D1  118C               	bcf	12,3	;volatile
   679  00D2                     l752:
   680                           
   681                           ;I2C.c: 86:     SSPIE = 1;
   682  00D2  1683               	bsf	3,5	;RP0=1, select bank1
   683  00D3  1303               	bcf	3,6	;RP1=0, select bank1
   684  00D4  158C               	bsf	12,3	;volatile
   685  00D5                     l148:
   686  00D5  0008               	return
   687  00D6                     __end_of_I2C_Slave_Init:
   688                           
   689                           	psect	text3
   690  00E4                     __ptext3:	
   691 ;; *************** function _contador *****************
   692 ;; Defined at:
   693 ;;		line 119 in file "D2_main4S2.c"
   694 ;; Parameters:    Size  Location     Type
   695 ;;		None
   696 ;; Auto vars:     Size  Location     Type
   697 ;;		None
   698 ;; Return value:  Size  Location     Type
   699 ;;                  1    wreg      void 
   700 ;; Registers used:
   701 ;;		wreg, status,2
   702 ;; Tracked objects:
   703 ;;		On entry : 0/0
   704 ;;		On exit  : 0/0
   705 ;;		Unchanged: 0/0
   706 ;; Data sizes:     COMMON   BANK0   BANK1   BANK3   BANK2
   707 ;;      Params:         0       0       0       0       0
   708 ;;      Locals:         0       0       0       0       0
   709 ;;      Temps:          0       0       0       0       0
   710 ;;      Totals:         0       0       0       0       0
   711 ;;Total ram usage:        0 bytes
   712 ;; Hardware stack levels used:    1
   713 ;; Hardware stack levels required when called:    1
   714 ;; This function calls:
   715 ;;		Nothing
   716 ;; This function is called by:
   717 ;;		_main
   718 ;; This function uses a non-reentrant model
   719 ;;
   720                           
   721                           
   722                           ;psect for function _contador
   723  00E4                     _contador:
   724  00E4                     l798:	
   725                           ;incstack = 0
   726                           ; Regs used in _contador: [wreg+status,2]
   727                           
   728                           
   729                           ;D2_main4S2.c: 120:     if (counter < 16){
   730  00E4  3010               	movlw	16
   731  00E5  0274               	subwf	_counter,w
   732  00E6  1803               	skipnc
   733  00E7  28E9               	goto	u11
   734  00E8  28EA               	goto	u10
   735  00E9                     u11:
   736  00E9  28EF               	goto	l802
   737  00EA                     u10:
   738  00EA                     l800:
   739                           
   740                           ;D2_main4S2.c: 121:         PORTD = counter;
   741  00EA  0874               	movf	_counter,w
   742  00EB  1283               	bcf	3,5	;RP0=0, select bank0
   743  00EC  1303               	bcf	3,6	;RP1=0, select bank0
   744  00ED  0088               	movwf	8	;volatile
   745                           
   746                           ;D2_main4S2.c: 122:     }
   747  00EE  28F0               	goto	l90
   748  00EF                     l802:
   749                           
   750                           ;D2_main4S2.c: 124:         counter = 0;
   751  00EF  01F4               	clrf	_counter
   752  00F0                     l90:
   753  00F0  0008               	return
   754  00F1                     __end_of_contador:
   755                           
   756                           	psect	text4
   757  0015                     __ptext4:	
   758 ;; *************** function _isr *****************
   759 ;; Defined at:
   760 ;;		line 52 in file "D2_main4S2.c"
   761 ;; Parameters:    Size  Location     Type
   762 ;;		None
   763 ;; Auto vars:     Size  Location     Type
   764 ;;		None
   765 ;; Return value:  Size  Location     Type
   766 ;;                  1    wreg      void 
   767 ;; Registers used:
   768 ;;		wreg, status,2, status,0
   769 ;; Tracked objects:
   770 ;;		On entry : 0/0
   771 ;;		On exit  : 0/0
   772 ;;		Unchanged: 0/0
   773 ;; Data sizes:     COMMON   BANK0   BANK1   BANK3   BANK2
   774 ;;      Params:         0       0       0       0       0
   775 ;;      Locals:         0       0       0       0       0
   776 ;;      Temps:          3       0       0       0       0
   777 ;;      Totals:         3       0       0       0       0
   778 ;;Total ram usage:        3 bytes
   779 ;; Hardware stack levels used:    1
   780 ;; This function calls:
   781 ;;		Nothing
   782 ;; This function is called by:
   783 ;;		Interrupt level 1
   784 ;; This function uses a non-reentrant model
   785 ;;
   786                           
   787                           
   788                           ;psect for function _isr
   789  0015                     _isr:
   790  0015                     i1l808:
   791                           
   792                           ;D2_main4S2.c: 56:     if (RBIF == 1)
   793  0015  1C0B               	btfss	11,0	;volatile
   794  0016  2818               	goto	u4_21
   795  0017  2819               	goto	u4_20
   796  0018                     u4_21:
   797  0018  282E               	goto	i1l820
   798  0019                     u4_20:
   799  0019                     i1l810:
   800                           
   801                           ;D2_main4S2.c: 57:     {;D2_main4S2.c: 58:         if (PORTBbits.RB0 == 0)
   802  0019  1283               	bcf	3,5	;RP0=0, select bank0
   803  001A  1303               	bcf	3,6	;RP1=0, select bank0
   804  001B  1806               	btfsc	6,0	;volatile
   805  001C  281E               	goto	u5_21
   806  001D  281F               	goto	u5_20
   807  001E                     u5_21:
   808  001E  2824               	goto	i1l814
   809  001F                     u5_20:
   810  001F                     i1l812:
   811                           
   812                           ;D2_main4S2.c: 59:         {;D2_main4S2.c: 60:             counter = counter + 1;
   813  001F  0874               	movf	_counter,w
   814  0020  3E01               	addlw	1
   815  0021  00F0               	movwf	??_isr
   816  0022  0870               	movf	??_isr,w
   817  0023  00F4               	movwf	_counter
   818  0024                     i1l814:
   819                           
   820                           ;D2_main4S2.c: 62:         if (PORTBbits.RB1 == 0)
   821  0024  1886               	btfsc	6,1	;volatile
   822  0025  2827               	goto	u6_21
   823  0026  2828               	goto	u6_20
   824  0027                     u6_21:
   825  0027  282D               	goto	i1l818
   826  0028                     u6_20:
   827  0028                     i1l816:
   828                           
   829                           ;D2_main4S2.c: 63:         {;D2_main4S2.c: 64:             counter = counter - 1;
   830  0028  0874               	movf	_counter,w
   831  0029  3EFF               	addlw	255
   832  002A  00F0               	movwf	??_isr
   833  002B  0870               	movf	??_isr,w
   834  002C  00F4               	movwf	_counter
   835  002D                     i1l818:
   836                           
   837                           ;D2_main4S2.c: 66:         INTCONbits.RBIF = 0;
   838  002D  100B               	bcf	11,0	;volatile
   839  002E                     i1l820:
   840                           
   841                           ;D2_main4S2.c: 69:     if(PIR1bits.SSPIF == 1){
   842  002E  1283               	bcf	3,5	;RP0=0, select bank0
   843  002F  1303               	bcf	3,6	;RP1=0, select bank0
   844  0030  1D8C               	btfss	12,3	;volatile
   845  0031  2833               	goto	u7_21
   846  0032  2834               	goto	u7_20
   847  0033                     u7_21:
   848  0033  2888               	goto	i1l77
   849  0034                     u7_20:
   850  0034                     i1l822:
   851                           
   852                           ;D2_main4S2.c: 71:         SSPCONbits.CKP = 0;
   853  0034  1214               	bcf	20,4	;volatile
   854                           
   855                           ;D2_main4S2.c: 73:         if ((SSPCONbits.SSPOV) || (SSPCONbits.WCOL)){
   856  0035  1B14               	btfsc	20,6	;volatile
   857  0036  2838               	goto	u8_21
   858  0037  2839               	goto	u8_20
   859  0038                     u8_21:
   860  0038  283D               	goto	i1l826
   861  0039                     u8_20:
   862  0039                     i1l824:
   863  0039  1F94               	btfss	20,7	;volatile
   864  003A  283C               	goto	u9_21
   865  003B  283D               	goto	u9_20
   866  003C                     u9_21:
   867  003C  2844               	goto	i1l834
   868  003D                     u9_20:
   869  003D                     i1l826:
   870                           
   871                           ;D2_main4S2.c: 74:             z = SSPBUF;
   872  003D  0813               	movf	19,w	;volatile
   873  003E  00F0               	movwf	??_isr
   874  003F  0870               	movf	??_isr,w
   875  0040  00F5               	movwf	_z
   876  0041                     i1l828:
   877                           
   878                           ;D2_main4S2.c: 75:             SSPCONbits.SSPOV = 0;
   879  0041  1314               	bcf	20,6	;volatile
   880  0042                     i1l830:
   881                           
   882                           ;D2_main4S2.c: 76:             SSPCONbits.WCOL = 0;
   883  0042  1394               	bcf	20,7	;volatile
   884  0043                     i1l832:
   885                           
   886                           ;D2_main4S2.c: 77:             SSPCONbits.CKP = 1;
   887  0043  1614               	bsf	20,4	;volatile
   888  0044                     i1l834:
   889                           
   890                           ;D2_main4S2.c: 80:         if(!SSPSTATbits.D_nA && !SSPSTATbits.R_nW) {
   891  0044  1683               	bsf	3,5	;RP0=1, select bank1
   892  0045  1303               	bcf	3,6	;RP1=0, select bank1
   893  0046  1A94               	btfsc	20,5	;volatile
   894  0047  2849               	goto	u10_21
   895  0048  284A               	goto	u10_20
   896  0049                     u10_21:
   897  0049  2865               	goto	i1l68
   898  004A                     u10_20:
   899  004A                     i1l836:
   900  004A  1914               	btfsc	20,2	;volatile
   901  004B  284D               	goto	u11_21
   902  004C  284E               	goto	u11_20
   903  004D                     u11_21:
   904  004D  2865               	goto	i1l68
   905  004E                     u11_20:
   906  004E                     i1l838:
   907                           
   908                           ;D2_main4S2.c: 82:             z = SSPBUF;
   909  004E  1283               	bcf	3,5	;RP0=0, select bank0
   910  004F  1303               	bcf	3,6	;RP1=0, select bank0
   911  0050  0813               	movf	19,w	;volatile
   912  0051  00F0               	movwf	??_isr
   913  0052  0870               	movf	??_isr,w
   914  0053  00F5               	movwf	_z
   915  0054                     i1l840:
   916                           
   917                           ;D2_main4S2.c: 84:             PIR1bits.SSPIF = 0;
   918  0054  118C               	bcf	12,3	;volatile
   919  0055                     i1l842:
   920                           
   921                           ;D2_main4S2.c: 85:             SSPCONbits.CKP = 1;
   922  0055  1614               	bsf	20,4	;volatile
   923  0056                     i1l69:	
   924                           ;D2_main4S2.c: 86:             while(!SSPSTATbits.BF);
   925                           
   926  0056  1683               	bsf	3,5	;RP0=1, select bank1
   927  0057  1303               	bcf	3,6	;RP1=0, select bank1
   928  0058  1C14               	btfss	20,0	;volatile
   929  0059  285B               	goto	u12_21
   930  005A  285C               	goto	u12_20
   931  005B                     u12_21:
   932  005B  2856               	goto	i1l69
   933  005C                     u12_20:
   934  005C                     i1l844:
   935                           
   936                           ;D2_main4S2.c: 87:             PORTA = SSPBUF;
   937  005C  1283               	bcf	3,5	;RP0=0, select bank0
   938  005D  1303               	bcf	3,6	;RP1=0, select bank0
   939  005E  0813               	movf	19,w	;volatile
   940  005F  0085               	movwf	5	;volatile
   941                           
   942                           ;D2_main4S2.c: 88:             _delay((unsigned long)((250)*(4000000/4000000.0)));
   943  0060  3053               	movlw	83
   944  0061  00F0               	movwf	??_isr
   945  0062                     u18_27:
   946  0062  0BF0               	decfsz	??_isr,f
   947  0063  2862               	goto	u18_27
   948                           
   949                           ;D2_main4S2.c: 90:         }else if(!SSPSTATbits.D_nA && SSPSTATbits.R_nW){
   950  0064  2885               	goto	i1l72
   951  0065                     i1l68:
   952  0065  1A94               	btfsc	20,5	;volatile
   953  0066  2868               	goto	u13_21
   954  0067  2869               	goto	u13_20
   955  0068                     u13_21:
   956  0068  2885               	goto	i1l72
   957  0069                     u13_20:
   958  0069                     i1l846:
   959  0069  1D14               	btfss	20,2	;volatile
   960  006A  286C               	goto	u14_21
   961  006B  286D               	goto	u14_20
   962  006C                     u14_21:
   963  006C  2885               	goto	i1l72
   964  006D                     u14_20:
   965  006D                     i1l848:
   966                           
   967                           ;D2_main4S2.c: 91:             z = SSPBUF;
   968  006D  1283               	bcf	3,5	;RP0=0, select bank0
   969  006E  1303               	bcf	3,6	;RP1=0, select bank0
   970  006F  0813               	movf	19,w	;volatile
   971  0070  00F0               	movwf	??_isr
   972  0071  0870               	movf	??_isr,w
   973  0072  00F5               	movwf	_z
   974  0073                     i1l850:
   975                           
   976                           ;D2_main4S2.c: 92:             BF = 0;
   977  0073  1683               	bsf	3,5	;RP0=1, select bank1
   978  0074  1303               	bcf	3,6	;RP1=0, select bank1
   979  0075  1014               	bcf	20,0	;volatile
   980                           
   981                           ;D2_main4S2.c: 93:             SSPBUF = counter;
   982  0076  0874               	movf	_counter,w
   983  0077  1283               	bcf	3,5	;RP0=0, select bank0
   984  0078  1303               	bcf	3,6	;RP1=0, select bank0
   985  0079  0093               	movwf	19	;volatile
   986  007A                     i1l852:
   987                           
   988                           ;D2_main4S2.c: 94:             SSPCONbits.CKP = 1;
   989  007A  1614               	bsf	20,4	;volatile
   990                           
   991                           ;D2_main4S2.c: 95:             _delay((unsigned long)((250)*(4000000/4000000.0)));
   992  007B  3053               	movlw	83
   993  007C  00F0               	movwf	??_isr
   994  007D                     u19_27:
   995  007D  0BF0               	decfsz	??_isr,f
   996  007E  287D               	goto	u19_27
   997  007F                     i1l74:	
   998                           ;D2_main4S2.c: 96:             while(SSPSTATbits.BF);
   999                           
  1000  007F  1683               	bsf	3,5	;RP0=1, select bank1
  1001  0080  1303               	bcf	3,6	;RP1=0, select bank1
  1002  0081  1814               	btfsc	20,0	;volatile
  1003  0082  2884               	goto	u15_21
  1004  0083  2885               	goto	u15_20
  1005  0084                     u15_21:
  1006  0084  287F               	goto	i1l74
  1007  0085                     u15_20:
  1008  0085                     i1l72:
  1009                           
  1010                           ;D2_main4S2.c: 99:         PIR1bits.SSPIF = 0;
  1011  0085  1283               	bcf	3,5	;RP0=0, select bank0
  1012  0086  1303               	bcf	3,6	;RP1=0, select bank0
  1013  0087  118C               	bcf	12,3	;volatile
  1014  0088                     i1l77:
  1015  0088  0872               	movf	??_isr+2,w
  1016  0089  008A               	movwf	10
  1017  008A  0E71               	swapf	??_isr+1,w
  1018  008B  0083               	movwf	3
  1019  008C  0EFE               	swapf	btemp,f
  1020  008D  0E7E               	swapf	btemp,w
  1021  008E  0009               	retfie
  1022  008F                     __end_of_isr:
  1023  007E                     btemp	set	126	;btemp
  1024  007E                     wtemp0	set	126
  1025                           
  1026                           	psect	intentry
  1027  0004                     __pintentry:	
  1028                           ;incstack = 0
  1029                           ; Regs used in _isr: [wreg+status,2+status,0]
  1030                           
  1031  0004                     interrupt_function:
  1032  007E                     saved_w	set	btemp
  1033  0004  00FE               	movwf	btemp
  1034  0005  0E03               	swapf	3,w
  1035  0006  00F1               	movwf	??_isr+1
  1036  0007  080A               	movf	10,w
  1037  0008  00F2               	movwf	??_isr+2
  1038  0009  120A  118A  2815   	ljmp	_isr
  1039                           
  1040                           	psect	config
  1041                           
  1042                           ;Config register CONFIG1 @ 0x2007
  1043                           ;	Oscillator Selection bits
  1044                           ;	FOSC = INTRC_NOCLKOUT, INTOSCIO oscillator: I/O function on RA6/OSC2/CLKOUT pin, I/O f
      +                          unction on RA7/OSC1/CLKIN
  1045                           ;	Watchdog Timer Enable bit
  1046                           ;	WDTE = OFF, WDT disabled and can be enabled by SWDTEN bit of the WDTCON register
  1047                           ;	Power-up Timer Enable bit
  1048                           ;	PWRTE = OFF, PWRT disabled
  1049                           ;	RE3/MCLR pin function select bit
  1050                           ;	MCLRE = OFF, RE3/MCLR pin function is digital input, MCLR internally tied to VDD
  1051                           ;	Code Protection bit
  1052                           ;	CP = OFF, Program memory code protection is disabled
  1053                           ;	Data Code Protection bit
  1054                           ;	CPD = OFF, Data memory code protection is disabled
  1055                           ;	Brown Out Reset Selection bits
  1056                           ;	BOREN = OFF, BOR disabled
  1057                           ;	Internal External Switchover bit
  1058                           ;	IESO = OFF, Internal/External Switchover mode is disabled
  1059                           ;	Fail-Safe Clock Monitor Enabled bit
  1060                           ;	FCMEN = OFF, Fail-Safe Clock Monitor is disabled
  1061                           ;	Low Voltage Programming Enable bit
  1062                           ;	LVP = OFF, RB3 pin has digital I/O, HV on MCLR must be used for programming
  1063                           ;	In-Circuit Debugger Mode bit
  1064                           ;	DEBUG = 0x1, unprogrammed default
  1065  2007                     	org	8199
  1066  2007  20D4               	dw	8404
  1067                           
  1068                           ;Config register CONFIG2 @ 0x2008
  1069                           ;	Brown-out Reset Selection bit
  1070                           ;	BOR4V = BOR40V, Brown-out Reset set to 4.0V
  1071                           ;	Flash Program Memory Self Write Enable bits
  1072                           ;	WRT = OFF, Write protection off
  1073  2008                     	org	8200
  1074  2008  3FFF               	dw	16383

Data Sizes:
    Strings     0
    Constant    0
    Data        0
    BSS         2
    Persistent  0
    Stack       0

Auto Spaces:
    Space          Size  Autos    Used
    COMMON           14      4       6
    BANK0            80      0       0
    BANK1            80      0       0
    BANK3            96      0       0
    BANK2            96      0       0

Pointer List with Targets:

    None.

Critical Paths under _main in COMMON

    _setup->_I2C_Slave_Init

Critical Paths under _isr in COMMON

    None.

Critical Paths under _main in BANK0

    None.

Critical Paths under _isr in BANK0

    None.

Critical Paths under _main in BANK1

    None.

Critical Paths under _isr in BANK1

    None.

Critical Paths under _main in BANK3

    None.

Critical Paths under _isr in BANK3

    None.

Critical Paths under _main in BANK2

    None.

Critical Paths under _isr in BANK2

    None.

Call Graph Tables:

 ---------------------------------------------------------------------------------
 (Depth) Function   	        Calls       Base Space   Used Autos Params    Refs
 ---------------------------------------------------------------------------------
 (0) _main                                                 0     0      0      15
                           _contador
                              _setup
 ---------------------------------------------------------------------------------
 (1) _setup                                                0     0      0      15
                     _I2C_Slave_Init
 ---------------------------------------------------------------------------------
 (2) _I2C_Slave_Init                                       1     1      0      15
                                              3 COMMON     1     1      0
 ---------------------------------------------------------------------------------
 (1) _contador                                             0     0      0       0
 ---------------------------------------------------------------------------------
 Estimated maximum stack depth 2
 ---------------------------------------------------------------------------------
 (Depth) Function   	        Calls       Base Space   Used Autos Params    Refs
 ---------------------------------------------------------------------------------
 (3) _isr                                                  3     3      0       0
                                              0 COMMON     3     3      0
 ---------------------------------------------------------------------------------
 Estimated maximum stack depth 3
 ---------------------------------------------------------------------------------

 Call Graph Graphs:

 _main (ROOT)
   _contador
   _setup
     _I2C_Slave_Init

 _isr (ROOT)

 Address spaces:
Name               Size   Autos  Total    Cost      Usage
BITCOMMON            E      0       0       0        0.0%
EEDATA             100      0       0       0        0.0%
NULL                 0      0       0       0        0.0%
CODE                 0      0       0       0        0.0%
COMMON               E      4       6       1       42.9%
BITSFR0              0      0       0       1        0.0%
SFR0                 0      0       0       1        0.0%
BITSFR1              0      0       0       2        0.0%
SFR1                 0      0       0       2        0.0%
STACK                0      0       0       2        0.0%
ABS                  0      0       6       3        0.0%
BITBANK0            50      0       0       4        0.0%
BITSFR3              0      0       0       4        0.0%
SFR3                 0      0       0       4        0.0%
BANK0               50      0       0       5        0.0%
BITSFR2              0      0       0       5        0.0%
SFR2                 0      0       0       5        0.0%
BITBANK1            50      0       0       6        0.0%
BANK1               50      0       0       7        0.0%
BITBANK3            60      0       0       8        0.0%
BANK3               60      0       0       9        0.0%
BITBANK2            60      0       0      10        0.0%
BANK2               60      0       0      11        0.0%
DATA                 0      0       6      12        0.0%


Microchip Technology PIC Macro Assembler V2.31 build 20201012212115 
Symbol Table                                                                                   Thu Aug 12 12:34:47 2021

                      _z 0075              _SSPSTATbits 0094                       _BF 04A0  
                     l90 00F0                       l82 00DB                       l93 00BB  
                     u10 00EA                       u11 00E9                      l148 00D5  
                    l800 00EA                      l802 00EF                      l740 00BD  
                    l750 00CF                      l742 00CB                      l752 00D2  
                    l744 00CC                      l760 0097                      l746 00CD  
                    l770 00A5                      l762 0098                      l754 008F  
                    l748 00CE                      l780 00AB                      l772 00A7  
                    l764 0099                      l756 0093                      l790 00B2  
                    l782 00AC                      l774 00A8                      l766 009A  
                    l758 0096                      l854 00D6                      l792 00B3  
                    l784 00AD                      l776 00A9                      l768 00A2  
                    l794 00B4                      l786 00AE                      l778 00AA  
                    l796 00B5                      l788 00B1                      l798 00E4  
                    _GIE 005F                      _isr 0015                     ?_isr 0070  
                   _PEIE 005E                     _RBIF 0058                     i1l72 0085  
                   i1l74 007F                     i1l68 0065                     i1l69 0056  
                   i1l77 0088                     _WPUB 0095                     u4_20 0019  
                   u4_21 0018                     u5_20 001F                     u5_21 001E  
                   u6_20 0028                     u6_21 0027                     u7_20 0034  
                   u7_21 0033                     u8_20 0039                     u8_21 0038  
                   u9_20 003D                     u9_21 003C                     _main 00D6  
                   btemp 007E                     start 000C                    ??_isr 0070  
                  ?_main 0070                    _ANSEL 0188                    i1l810 0019  
                  i1l812 001F                    i1l820 002E                    i1l830 0042  
                  i1l822 0034                    i1l814 0024                    i1l840 0054  
                  i1l832 0043                    i1l824 0039                    i1l816 0028  
                  i1l808 0015                    i1l850 0073                    i1l842 0055  
                  i1l834 0044                    i1l826 003D                    i1l818 002D  
                  i1l852 007A                    i1l844 005C                    i1l836 004A  
                  i1l828 0041                    i1l846 0069                    i1l838 004E  
                  i1l848 006D                    u10_20 004A                    u10_21 0049  
                  u11_20 004E                    u11_21 004D                    u12_20 005C  
                  u12_21 005B                    u13_20 0069                    u13_21 0068  
                  u14_20 006D                    u14_21 006C                    u15_20 0085  
                  u15_21 0084                    u18_27 0062                    _PORTA 0005  
                  _PORTB 0006                    _PORTC 0007                    _PORTD 0008  
                  _PORTE 0009                    u19_27 007D                    _SSPIE 0463  
                  _SSPIF 0063                    _setup 008F                    pclath 000A  
                  status 0003                    wtemp0 007E          __initialization 000F  
           __end_of_main 00E4                   ??_main 0074                   ?_setup 0070  
                 _ANSELH 0189                   _SSPADD 0093                   _TRISC3 043B  
                 _TRISC4 043C                   _SSPBUF 0013                   _SSPCON 0014  
       __end_of_contador 00F1                   saved_w 007E  __end_of__initialization 0011  
         __pcstackCOMMON 0070  __size_of_I2C_Slave_Init 001A            __end_of_setup 00BC  
         _OPTION_REGbits 0081                  ??_setup 0074    I2C_Slave_Init@address 0073  
             __pmaintext 00D6               __pintentry 0004                  _SSPCON2 0091  
                _SSPSTAT 0094                ?_contador 0070                  __ptext1 008F  
                __ptext2 00BC                  __ptext3 00E4                  __ptext4 0015  
                _counter 0074             __size_of_isr 007A     end_of_initialization 0011  
             ??_contador 0073           _I2C_Slave_Init 00BC                _PORTBbits 0006  
              _TRISBbits 0086                _TRISCbits 0087                _TRISDbits 0088  
 __end_of_I2C_Slave_Init 00D6      start_initialization 000F              __end_of_isr 008F  
        ?_I2C_Slave_Init 0070              __pbssCOMMON 0074                ___latbits 0002  
      __size_of_contador 000D           __size_of_setup 002D        interrupt_function 0004  
               _IOCBbits 0096                 _PIE1bits 008C                 _PIR1bits 000C  
               _contador 00E4         ??_I2C_Slave_Init 0073            __size_of_main 000E  
             _INTCONbits 000B                 intlevel1 0000               _OSCCONbits 008F  
            _SSPCON2bits 0091               _SSPCONbits 0014  
